{"/Users/gautamsoni/Desktop/CPSC 310/D1/cpsc310_team126/src/rest/Server.js":{"path":"/Users/gautamsoni/Desktop/CPSC 310/D1/cpsc310_team126/src/rest/Server.js","statementMap":{"0":{"start":{"line":2,"column":14},"end":{"line":2,"column":32}},"1":{"start":{"line":3,"column":13},"end":{"line":3,"column":31}},"2":{"start":{"line":4,"column":22},"end":{"line":4,"column":60}},"3":{"start":{"line":5,"column":14},"end":{"line":114,"column":3}},"4":{"start":{"line":7,"column":8},"end":{"line":7,"column":62}},"5":{"start":{"line":8,"column":8},"end":{"line":8,"column":25}},"6":{"start":{"line":10,"column":4},"end":{"line":18,"column":6}},"7":{"start":{"line":11,"column":8},"end":{"line":11,"column":47}},"8":{"start":{"line":12,"column":19},"end":{"line":12,"column":23}},"9":{"start":{"line":13,"column":8},"end":{"line":17,"column":11}},"10":{"start":{"line":14,"column":12},"end":{"line":16,"column":15}},"11":{"start":{"line":15,"column":16},"end":{"line":15,"column":30}},"12":{"start":{"line":19,"column":4},"end":{"line":55,"column":6}},"13":{"start":{"line":20,"column":19},"end":{"line":20,"column":23}},"14":{"start":{"line":21,"column":8},"end":{"line":54,"column":11}},"15":{"start":{"line":22,"column":12},"end":{"line":53,"column":13}},"16":{"start":{"line":23,"column":16},"end":{"line":23,"column":63}},"17":{"start":{"line":24,"column":16},"end":{"line":26,"column":19}},"18":{"start":{"line":27,"column":16},"end":{"line":31,"column":19}},"19":{"start":{"line":28,"column":20},"end":{"line":28,"column":67}},"20":{"start":{"line":29,"column":20},"end":{"line":29,"column":83}},"21":{"start":{"line":30,"column":20},"end":{"line":30,"column":34}},"22":{"start":{"line":32,"column":16},"end":{"line":32,"column":87}},"23":{"start":{"line":33,"column":16},"end":{"line":36,"column":19}},"24":{"start":{"line":34,"column":20},"end":{"line":34,"column":34}},"25":{"start":{"line":35,"column":20},"end":{"line":35,"column":34}},"26":{"start":{"line":37,"column":16},"end":{"line":37,"column":57}},"27":{"start":{"line":38,"column":16},"end":{"line":38,"column":63}},"28":{"start":{"line":39,"column":16},"end":{"line":39,"column":58}},"29":{"start":{"line":40,"column":16},"end":{"line":40,"column":59}},"30":{"start":{"line":41,"column":16},"end":{"line":44,"column":19}},"31":{"start":{"line":42,"column":20},"end":{"line":42,"column":97}},"32":{"start":{"line":43,"column":20},"end":{"line":43,"column":34}},"33":{"start":{"line":45,"column":16},"end":{"line":48,"column":19}},"34":{"start":{"line":46,"column":20},"end":{"line":46,"column":83}},"35":{"start":{"line":47,"column":20},"end":{"line":47,"column":32}},"36":{"start":{"line":51,"column":16},"end":{"line":51,"column":72}},"37":{"start":{"line":52,"column":16},"end":{"line":52,"column":28}},"38":{"start":{"line":56,"column":4},"end":{"line":68,"column":6}},"39":{"start":{"line":57,"column":22},"end":{"line":57,"column":68}},"40":{"start":{"line":58,"column":22},"end":{"line":58,"column":51}},"41":{"start":{"line":59,"column":26},"end":{"line":59,"column":39}},"42":{"start":{"line":60,"column":8},"end":{"line":66,"column":11}},"43":{"start":{"line":61,"column":12},"end":{"line":61,"column":35}},"44":{"start":{"line":62,"column":12},"end":{"line":62,"column":28}},"45":{"start":{"line":64,"column":12},"end":{"line":64,"column":35}},"46":{"start":{"line":65,"column":12},"end":{"line":65,"column":28}},"47":{"start":{"line":67,"column":8},"end":{"line":67,"column":22}},"48":{"start":{"line":69,"column":4},"end":{"line":80,"column":6}},"49":{"start":{"line":70,"column":22},"end":{"line":70,"column":51}},"50":{"start":{"line":71,"column":26},"end":{"line":71,"column":39}},"51":{"start":{"line":72,"column":8},"end":{"line":78,"column":11}},"52":{"start":{"line":73,"column":12},"end":{"line":73,"column":35}},"53":{"start":{"line":74,"column":12},"end":{"line":74,"column":28}},"54":{"start":{"line":76,"column":12},"end":{"line":76,"column":35}},"55":{"start":{"line":77,"column":12},"end":{"line":77,"column":28}},"56":{"start":{"line":79,"column":8},"end":{"line":79,"column":22}},"57":{"start":{"line":81,"column":4},"end":{"line":91,"column":6}},"58":{"start":{"line":82,"column":22},"end":{"line":82,"column":51}},"59":{"start":{"line":83,"column":8},"end":{"line":89,"column":11}},"60":{"start":{"line":84,"column":12},"end":{"line":84,"column":35}},"61":{"start":{"line":85,"column":12},"end":{"line":85,"column":28}},"62":{"start":{"line":87,"column":12},"end":{"line":87,"column":35}},"63":{"start":{"line":88,"column":12},"end":{"line":88,"column":28}},"64":{"start":{"line":90,"column":8},"end":{"line":90,"column":22}},"65":{"start":{"line":92,"column":4},"end":{"line":104,"column":6}},"66":{"start":{"line":93,"column":8},"end":{"line":93,"column":89}},"67":{"start":{"line":94,"column":8},"end":{"line":102,"column":9}},"68":{"start":{"line":95,"column":25},"end":{"line":95,"column":59}},"69":{"start":{"line":96,"column":12},"end":{"line":96,"column":80}},"70":{"start":{"line":97,"column":12},"end":{"line":97,"column":47}},"71":{"start":{"line":100,"column":12},"end":{"line":100,"column":70}},"72":{"start":{"line":101,"column":12},"end":{"line":101,"column":50}},"73":{"start":{"line":103,"column":8},"end":{"line":103,"column":22}},"74":{"start":{"line":105,"column":4},"end":{"line":112,"column":6}},"75":{"start":{"line":106,"column":8},"end":{"line":111,"column":9}},"76":{"start":{"line":107,"column":12},"end":{"line":107,"column":71}},"77":{"start":{"line":110,"column":12},"end":{"line":110,"column":74}},"78":{"start":{"line":113,"column":4},"end":{"line":113,"column":18}},"79":{"start":{"line":115,"column":0},"end":{"line":115,"column":62}},"80":{"start":{"line":116,"column":0},"end":{"line":116,"column":25}}},"fnMap":{"0":{"name":"(anonymous_0)","decl":{"start":{"line":5,"column":14},"end":{"line":5,"column":15}},"loc":{"start":{"line":5,"column":26},"end":{"line":114,"column":1}}},"1":{"name":"Server","decl":{"start":{"line":6,"column":13},"end":{"line":6,"column":19}},"loc":{"start":{"line":6,"column":26},"end":{"line":9,"column":5}}},"2":{"name":"(anonymous_2)","decl":{"start":{"line":10,"column":28},"end":{"line":10,"column":29}},"loc":{"start":{"line":10,"column":40},"end":{"line":18,"column":5}}},"3":{"name":"(anonymous_3)","decl":{"start":{"line":13,"column":27},"end":{"line":13,"column":28}},"loc":{"start":{"line":13,"column":46},"end":{"line":17,"column":9}}},"4":{"name":"(anonymous_4)","decl":{"start":{"line":14,"column":28},"end":{"line":14,"column":29}},"loc":{"start":{"line":14,"column":40},"end":{"line":16,"column":13}}},"5":{"name":"(anonymous_5)","decl":{"start":{"line":19,"column":29},"end":{"line":19,"column":30}},"loc":{"start":{"line":19,"column":41},"end":{"line":55,"column":5}}},"6":{"name":"(anonymous_6)","decl":{"start":{"line":21,"column":27},"end":{"line":21,"column":28}},"loc":{"start":{"line":21,"column":54},"end":{"line":54,"column":9}}},"7":{"name":"crossOrigin","decl":{"start":{"line":27,"column":39},"end":{"line":27,"column":50}},"loc":{"start":{"line":27,"column":67},"end":{"line":31,"column":17}}},"8":{"name":"(anonymous_8)","decl":{"start":{"line":33,"column":35},"end":{"line":33,"column":36}},"loc":{"start":{"line":33,"column":61},"end":{"line":36,"column":17}}},"9":{"name":"(anonymous_9)","decl":{"start":{"line":41,"column":44},"end":{"line":41,"column":45}},"loc":{"start":{"line":41,"column":56},"end":{"line":44,"column":17}}},"10":{"name":"(anonymous_10)","decl":{"start":{"line":45,"column":38},"end":{"line":45,"column":39}},"loc":{"start":{"line":45,"column":53},"end":{"line":48,"column":17}}},"11":{"name":"(anonymous_11)","decl":{"start":{"line":56,"column":34},"end":{"line":56,"column":35}},"loc":{"start":{"line":56,"column":60},"end":{"line":68,"column":5}}},"12":{"name":"(anonymous_12)","decl":{"start":{"line":60,"column":54},"end":{"line":60,"column":55}},"loc":{"start":{"line":60,"column":71},"end":{"line":63,"column":9}}},"13":{"name":"(anonymous_13)","decl":{"start":{"line":63,"column":17},"end":{"line":63,"column":18}},"loc":{"start":{"line":63,"column":34},"end":{"line":66,"column":9}}},"14":{"name":"(anonymous_14)","decl":{"start":{"line":69,"column":37},"end":{"line":69,"column":38}},"loc":{"start":{"line":69,"column":63},"end":{"line":80,"column":5}}},"15":{"name":"(anonymous_15)","decl":{"start":{"line":72,"column":48},"end":{"line":72,"column":49}},"loc":{"start":{"line":72,"column":65},"end":{"line":75,"column":9}}},"16":{"name":"(anonymous_16)","decl":{"start":{"line":75,"column":17},"end":{"line":75,"column":18}},"loc":{"start":{"line":75,"column":34},"end":{"line":78,"column":9}}},"17":{"name":"(anonymous_17)","decl":{"start":{"line":81,"column":35},"end":{"line":81,"column":36}},"loc":{"start":{"line":81,"column":61},"end":{"line":91,"column":5}}},"18":{"name":"(anonymous_18)","decl":{"start":{"line":83,"column":44},"end":{"line":83,"column":45}},"loc":{"start":{"line":83,"column":61},"end":{"line":86,"column":9}}},"19":{"name":"(anonymous_19)","decl":{"start":{"line":86,"column":17},"end":{"line":86,"column":18}},"loc":{"start":{"line":86,"column":34},"end":{"line":89,"column":9}}},"20":{"name":"(anonymous_20)","decl":{"start":{"line":92,"column":18},"end":{"line":92,"column":19}},"loc":{"start":{"line":92,"column":44},"end":{"line":104,"column":5}}},"21":{"name":"(anonymous_21)","decl":{"start":{"line":105,"column":25},"end":{"line":105,"column":26}},"loc":{"start":{"line":105,"column":40},"end":{"line":112,"column":5}}}},"branchMap":{"0":{"loc":{"start":{"line":106,"column":8},"end":{"line":111,"column":9}},"type":"if","locations":[{"start":{"line":106,"column":8},"end":{"line":111,"column":9}},{"start":{"line":106,"column":8},"end":{"line":111,"column":9}}]},"1":{"loc":{"start":{"line":106,"column":12},"end":{"line":106,"column":54}},"type":"binary-expr","locations":[{"start":{"line":106,"column":12},"end":{"line":106,"column":38}},{"start":{"line":106,"column":42},"end":{"line":106,"column":54}}]}},"s":{"0":1,"1":1,"2":1,"3":1,"4":0,"5":0,"6":1,"7":0,"8":0,"9":0,"10":0,"11":0,"12":1,"13":0,"14":0,"15":0,"16":0,"17":0,"18":0,"19":0,"20":0,"21":0,"22":0,"23":0,"24":0,"25":0,"26":0,"27":0,"28":0,"29":0,"30":0,"31":0,"32":0,"33":0,"34":0,"35":0,"36":0,"37":0,"38":1,"39":0,"40":0,"41":0,"42":0,"43":0,"44":0,"45":0,"46":0,"47":0,"48":1,"49":0,"50":0,"51":0,"52":0,"53":0,"54":0,"55":0,"56":0,"57":1,"58":0,"59":0,"60":0,"61":0,"62":0,"63":0,"64":0,"65":1,"66":0,"67":0,"68":0,"69":0,"70":0,"71":0,"72":0,"73":0,"74":1,"75":0,"76":0,"77":0,"78":1,"79":1,"80":1},"f":{"0":1,"1":0,"2":0,"3":0,"4":0,"5":0,"6":0,"7":0,"8":0,"9":0,"10":0,"11":0,"12":0,"13":0,"14":0,"15":0,"16":0,"17":0,"18":0,"19":0,"20":0,"21":0},"b":{"0":[0,0],"1":[0,0]},"_coverageSchema":"332fd63041d2c1bcb487cc26dd0d5f7d97098a6c","hash":"4a5167d858d45bf9ad38a98493e7eb60e89ac789","contentHash":"008bcd26c1c69d524952ecb84334b565_10.1.2"},"/Users/gautamsoni/Desktop/CPSC 310/D1/cpsc310_team126/src/Util.js":{"path":"/Users/gautamsoni/Desktop/CPSC 310/D1/cpsc310_team126/src/Util.js","statementMap":{"0":{"start":{"line":2,"column":11},"end":{"line":21,"column":3}},"1":{"start":{"line":5,"column":4},"end":{"line":7,"column":6}},"2":{"start":{"line":6,"column":8},"end":{"line":6,"column":71}},"3":{"start":{"line":8,"column":4},"end":{"line":10,"column":6}},"4":{"start":{"line":9,"column":8},"end":{"line":9,"column":71}},"5":{"start":{"line":11,"column":4},"end":{"line":13,"column":6}},"6":{"start":{"line":12,"column":8},"end":{"line":12,"column":73}},"7":{"start":{"line":14,"column":4},"end":{"line":16,"column":6}},"8":{"start":{"line":15,"column":8},"end":{"line":15,"column":73}},"9":{"start":{"line":17,"column":4},"end":{"line":19,"column":6}},"10":{"start":{"line":18,"column":8},"end":{"line":18,"column":71}},"11":{"start":{"line":20,"column":4},"end":{"line":20,"column":15}},"12":{"start":{"line":22,"column":0},"end":{"line":22,"column":62}},"13":{"start":{"line":23,"column":0},"end":{"line":23,"column":22}}},"fnMap":{"0":{"name":"(anonymous_0)","decl":{"start":{"line":2,"column":11},"end":{"line":2,"column":12}},"loc":{"start":{"line":2,"column":23},"end":{"line":21,"column":1}}},"1":{"name":"Log","decl":{"start":{"line":3,"column":13},"end":{"line":3,"column":16}},"loc":{"start":{"line":3,"column":19},"end":{"line":4,"column":5}}},"2":{"name":"(anonymous_2)","decl":{"start":{"line":5,"column":16},"end":{"line":5,"column":17}},"loc":{"start":{"line":5,"column":31},"end":{"line":7,"column":5}}},"3":{"name":"(anonymous_3)","decl":{"start":{"line":8,"column":15},"end":{"line":8,"column":16}},"loc":{"start":{"line":8,"column":30},"end":{"line":10,"column":5}}},"4":{"name":"(anonymous_4)","decl":{"start":{"line":11,"column":15},"end":{"line":11,"column":16}},"loc":{"start":{"line":11,"column":30},"end":{"line":13,"column":5}}},"5":{"name":"(anonymous_5)","decl":{"start":{"line":14,"column":16},"end":{"line":14,"column":17}},"loc":{"start":{"line":14,"column":31},"end":{"line":16,"column":5}}},"6":{"name":"(anonymous_6)","decl":{"start":{"line":17,"column":15},"end":{"line":17,"column":16}},"loc":{"start":{"line":17,"column":30},"end":{"line":19,"column":5}}}},"branchMap":{},"s":{"0":1,"1":1,"2":2,"3":1,"4":0,"5":1,"6":0,"7":1,"8":0,"9":1,"10":4,"11":1,"12":1,"13":1},"f":{"0":1,"1":0,"2":2,"3":0,"4":0,"5":0,"6":4},"b":{},"_coverageSchema":"332fd63041d2c1bcb487cc26dd0d5f7d97098a6c","hash":"8442f66a02a2ed7064d02dd69c1d12125b71edb9","contentHash":"5110c0345cdaf25bf9a2ae72e9d99de9_10.1.2"},"/Users/gautamsoni/Desktop/CPSC 310/D1/cpsc310_team126/src/controller/InsightFacade.js":{"path":"/Users/gautamsoni/Desktop/CPSC 310/D1/cpsc310_team126/src/controller/InsightFacade.js","statementMap":{"0":{"start":{"line":2,"column":13},"end":{"line":2,"column":31}},"1":{"start":{"line":3,"column":0},"end":{"line":3,"column":13}},"2":{"start":{"line":4,"column":9},"end":{"line":4,"column":22}},"3":{"start":{"line":5,"column":15},"end":{"line":5,"column":34}},"4":{"start":{"line":6,"column":14},"end":{"line":6,"column":32}},"5":{"start":{"line":7,"column":0},"end":{"line":7,"column":13}},"6":{"start":{"line":8,"column":13},"end":{"line":8,"column":37}},"7":{"start":{"line":9,"column":16},"end":{"line":9,"column":43}},"8":{"start":{"line":10,"column":24},"end":{"line":10,"column":59}},"9":{"start":{"line":11,"column":18},"end":{"line":11,"column":20}},"10":{"start":{"line":12,"column":11},"end":{"line":12,"column":12}},"11":{"start":{"line":15,"column":21},"end":{"line":183,"column":3}},"12":{"start":{"line":17,"column":8},"end":{"line":17,"column":58}},"13":{"start":{"line":19,"column":4},"end":{"line":78,"column":6}},"14":{"start":{"line":20,"column":8},"end":{"line":77,"column":11}},"15":{"start":{"line":21,"column":12},"end":{"line":76,"column":13}},"16":{"start":{"line":22,"column":16},"end":{"line":71,"column":17}},"17":{"start":{"line":23,"column":37},"end":{"line":23,"column":39}},"18":{"start":{"line":24,"column":20},"end":{"line":70,"column":21}},"19":{"start":{"line":25,"column":40},"end":{"line":25,"column":72}},"20":{"start":{"line":26,"column":24},"end":{"line":43,"column":27}},"21":{"start":{"line":27,"column":28},"end":{"line":27,"column":47}},"22":{"start":{"line":28,"column":28},"end":{"line":30,"column":29}},"23":{"start":{"line":29,"column":32},"end":{"line":29,"column":52}},"24":{"start":{"line":31,"column":28},"end":{"line":31,"column":68}},"25":{"start":{"line":32,"column":28},"end":{"line":40,"column":29}},"26":{"start":{"line":33,"column":32},"end":{"line":36,"column":35}},"27":{"start":{"line":38,"column":33},"end":{"line":40,"column":29}},"28":{"start":{"line":39,"column":32},"end":{"line":39,"column":122}},"29":{"start":{"line":42,"column":28},"end":{"line":42,"column":97}},"30":{"start":{"line":45,"column":25},"end":{"line":70,"column":21}},"31":{"start":{"line":46,"column":39},"end":{"line":46,"column":69}},"32":{"start":{"line":47,"column":24},"end":{"line":65,"column":27}},"33":{"start":{"line":48,"column":28},"end":{"line":48,"column":47}},"34":{"start":{"line":49,"column":28},"end":{"line":51,"column":29}},"35":{"start":{"line":50,"column":32},"end":{"line":50,"column":52}},"36":{"start":{"line":52,"column":28},"end":{"line":52,"column":68}},"37":{"start":{"line":53,"column":28},"end":{"line":61,"column":29}},"38":{"start":{"line":54,"column":32},"end":{"line":57,"column":35}},"39":{"start":{"line":59,"column":33},"end":{"line":61,"column":29}},"40":{"start":{"line":60,"column":32},"end":{"line":60,"column":122}},"41":{"start":{"line":63,"column":28},"end":{"line":63,"column":39}},"42":{"start":{"line":64,"column":28},"end":{"line":64,"column":97}},"43":{"start":{"line":68,"column":24},"end":{"line":68,"column":35}},"44":{"start":{"line":69,"column":24},"end":{"line":69,"column":90}},"45":{"start":{"line":74,"column":16},"end":{"line":74,"column":27}},"46":{"start":{"line":75,"column":16},"end":{"line":75,"column":85}},"47":{"start":{"line":79,"column":4},"end":{"line":119,"column":6}},"48":{"start":{"line":80,"column":8},"end":{"line":118,"column":11}},"49":{"start":{"line":81,"column":12},"end":{"line":117,"column":13}},"50":{"start":{"line":82,"column":16},"end":{"line":109,"column":17}},"51":{"start":{"line":83,"column":20},"end":{"line":83,"column":31}},"52":{"start":{"line":84,"column":20},"end":{"line":87,"column":23}},"53":{"start":{"line":90,"column":20},"end":{"line":108,"column":21}},"54":{"start":{"line":91,"column":38},"end":{"line":91,"column":55}},"55":{"start":{"line":92,"column":24},"end":{"line":107,"column":25}},"56":{"start":{"line":93,"column":28},"end":{"line":93,"column":39}},"57":{"start":{"line":94,"column":36},"end":{"line":94,"column":64}},"58":{"start":{"line":95,"column":28},"end":{"line":97,"column":29}},"59":{"start":{"line":96,"column":32},"end":{"line":96,"column":57}},"60":{"start":{"line":98,"column":28},"end":{"line":98,"column":46}},"61":{"start":{"line":99,"column":28},"end":{"line":99,"column":100}},"62":{"start":{"line":102,"column":28},"end":{"line":102,"column":39}},"63":{"start":{"line":103,"column":28},"end":{"line":106,"column":31}},"64":{"start":{"line":112,"column":16},"end":{"line":112,"column":27}},"65":{"start":{"line":113,"column":16},"end":{"line":116,"column":19}},"66":{"start":{"line":120,"column":4},"end":{"line":181,"column":6}},"67":{"start":{"line":121,"column":8},"end":{"line":121,"column":27}},"68":{"start":{"line":122,"column":8},"end":{"line":180,"column":11}},"69":{"start":{"line":123,"column":12},"end":{"line":179,"column":13}},"70":{"start":{"line":124,"column":16},"end":{"line":174,"column":17}},"71":{"start":{"line":125,"column":34},"end":{"line":125,"column":67}},"72":{"start":{"line":126,"column":20},"end":{"line":173,"column":21}},"73":{"start":{"line":127,"column":24},"end":{"line":127,"column":90}},"74":{"start":{"line":128,"column":37},"end":{"line":128,"column":96}},"75":{"start":{"line":129,"column":24},"end":{"line":131,"column":25}},"76":{"start":{"line":130,"column":28},"end":{"line":130,"column":65}},"77":{"start":{"line":132,"column":24},"end":{"line":132,"column":38}},"78":{"start":{"line":133,"column":24},"end":{"line":135,"column":25}},"79":{"start":{"line":134,"column":28},"end":{"line":134,"column":63}},"80":{"start":{"line":136,"column":42},"end":{"line":136,"column":54}},"81":{"start":{"line":137,"column":40},"end":{"line":137,"column":75}},"82":{"start":{"line":138,"column":24},"end":{"line":138,"column":45}},"83":{"start":{"line":139,"column":37},"end":{"line":139,"column":57}},"84":{"start":{"line":140,"column":24},"end":{"line":148,"column":25}},"85":{"start":{"line":141,"column":49},"end":{"line":141,"column":116}},"86":{"start":{"line":142,"column":54},"end":{"line":142,"column":114}},"87":{"start":{"line":143,"column":28},"end":{"line":143,"column":59}},"88":{"start":{"line":144,"column":41},"end":{"line":144,"column":71}},"89":{"start":{"line":145,"column":28},"end":{"line":147,"column":31}},"90":{"start":{"line":146,"column":32},"end":{"line":146,"column":73}},"91":{"start":{"line":149,"column":24},"end":{"line":151,"column":25}},"92":{"start":{"line":150,"column":28},"end":{"line":150,"column":68}},"93":{"start":{"line":152,"column":24},"end":{"line":157,"column":25}},"94":{"start":{"line":153,"column":46},"end":{"line":153,"column":83}},"95":{"start":{"line":155,"column":29},"end":{"line":157,"column":25}},"96":{"start":{"line":156,"column":46},"end":{"line":156,"column":83}},"97":{"start":{"line":158,"column":24},"end":{"line":158,"column":47}},"98":{"start":{"line":159,"column":37},"end":{"line":159,"column":59}},"99":{"start":{"line":160,"column":39},"end":{"line":160,"column":57}},"100":{"start":{"line":161,"column":24},"end":{"line":161,"column":35}},"101":{"start":{"line":162,"column":24},"end":{"line":162,"column":64}},"102":{"start":{"line":165,"column":24},"end":{"line":172,"column":25}},"103":{"start":{"line":166,"column":28},"end":{"line":166,"column":39}},"104":{"start":{"line":167,"column":28},"end":{"line":167,"column":103}},"105":{"start":{"line":169,"column":29},"end":{"line":172,"column":25}},"106":{"start":{"line":170,"column":28},"end":{"line":170,"column":39}},"107":{"start":{"line":171,"column":28},"end":{"line":171,"column":95}},"108":{"start":{"line":177,"column":16},"end":{"line":177,"column":27}},"109":{"start":{"line":178,"column":16},"end":{"line":178,"column":105}},"110":{"start":{"line":182,"column":4},"end":{"line":182,"column":25}},"111":{"start":{"line":184,"column":0},"end":{"line":184,"column":62}},"112":{"start":{"line":185,"column":0},"end":{"line":185,"column":32}},"113":{"start":{"line":187,"column":4},"end":{"line":217,"column":5}},"114":{"start":{"line":188,"column":8},"end":{"line":212,"column":9}},"115":{"start":{"line":189,"column":28},"end":{"line":189,"column":58}},"116":{"start":{"line":190,"column":12},"end":{"line":190,"column":40}},"117":{"start":{"line":191,"column":12},"end":{"line":191,"column":44}},"118":{"start":{"line":192,"column":12},"end":{"line":192,"column":23}},"119":{"start":{"line":193,"column":12},"end":{"line":193,"column":24}},"120":{"start":{"line":196,"column":12},"end":{"line":211,"column":13}},"121":{"start":{"line":197,"column":30},"end":{"line":197,"column":47}},"122":{"start":{"line":198,"column":16},"end":{"line":210,"column":17}},"123":{"start":{"line":199,"column":20},"end":{"line":199,"column":48}},"124":{"start":{"line":200,"column":20},"end":{"line":200,"column":52}},"125":{"start":{"line":201,"column":20},"end":{"line":201,"column":31}},"126":{"start":{"line":202,"column":20},"end":{"line":202,"column":32}},"127":{"start":{"line":205,"column":36},"end":{"line":205,"column":66}},"128":{"start":{"line":206,"column":20},"end":{"line":206,"column":48}},"129":{"start":{"line":207,"column":20},"end":{"line":207,"column":52}},"130":{"start":{"line":208,"column":20},"end":{"line":208,"column":31}},"131":{"start":{"line":209,"column":20},"end":{"line":209,"column":32}},"132":{"start":{"line":215,"column":8},"end":{"line":215,"column":19}},"133":{"start":{"line":216,"column":8},"end":{"line":216,"column":20}},"134":{"start":{"line":220,"column":4},"end":{"line":230,"column":5}},"135":{"start":{"line":221,"column":25},"end":{"line":221,"column":87}},"136":{"start":{"line":222,"column":8},"end":{"line":224,"column":9}},"137":{"start":{"line":223,"column":12},"end":{"line":223,"column":34}},"138":{"start":{"line":225,"column":24},"end":{"line":225,"column":51}},"139":{"start":{"line":226,"column":8},"end":{"line":226,"column":27}},"140":{"start":{"line":229,"column":8},"end":{"line":229,"column":26}},"141":{"start":{"line":233,"column":4},"end":{"line":249,"column":5}},"142":{"start":{"line":234,"column":8},"end":{"line":239,"column":9}},"143":{"start":{"line":235,"column":26},"end":{"line":235,"column":43}},"144":{"start":{"line":236,"column":12},"end":{"line":238,"column":13}},"145":{"start":{"line":237,"column":30},"end":{"line":237,"column":87}},"146":{"start":{"line":240,"column":8},"end":{"line":245,"column":9}},"147":{"start":{"line":241,"column":12},"end":{"line":241,"column":47}},"148":{"start":{"line":244,"column":12},"end":{"line":244,"column":27}},"149":{"start":{"line":248,"column":8},"end":{"line":248,"column":43}}},"fnMap":{"0":{"name":"(anonymous_0)","decl":{"start":{"line":15,"column":21},"end":{"line":15,"column":22}},"loc":{"start":{"line":15,"column":33},"end":{"line":183,"column":1}}},"1":{"name":"InsightFacade","decl":{"start":{"line":16,"column":13},"end":{"line":16,"column":26}},"loc":{"start":{"line":16,"column":29},"end":{"line":18,"column":5}}},"2":{"name":"(anonymous_2)","decl":{"start":{"line":19,"column":41},"end":{"line":19,"column":42}},"loc":{"start":{"line":19,"column":64},"end":{"line":78,"column":5}}},"3":{"name":"(anonymous_3)","decl":{"start":{"line":20,"column":27},"end":{"line":20,"column":28}},"loc":{"start":{"line":20,"column":54},"end":{"line":77,"column":9}}},"4":{"name":"(anonymous_4)","decl":{"start":{"line":26,"column":57},"end":{"line":26,"column":58}},"loc":{"start":{"line":26,"column":74},"end":{"line":41,"column":25}}},"5":{"name":"(anonymous_5)","decl":{"start":{"line":41,"column":33},"end":{"line":41,"column":34}},"loc":{"start":{"line":41,"column":50},"end":{"line":43,"column":25}}},"6":{"name":"(anonymous_6)","decl":{"start":{"line":47,"column":56},"end":{"line":47,"column":57}},"loc":{"start":{"line":47,"column":73},"end":{"line":62,"column":25}}},"7":{"name":"(anonymous_7)","decl":{"start":{"line":62,"column":33},"end":{"line":62,"column":34}},"loc":{"start":{"line":62,"column":50},"end":{"line":65,"column":25}}},"8":{"name":"(anonymous_8)","decl":{"start":{"line":79,"column":44},"end":{"line":79,"column":45}},"loc":{"start":{"line":79,"column":58},"end":{"line":119,"column":5}}},"9":{"name":"(anonymous_9)","decl":{"start":{"line":80,"column":27},"end":{"line":80,"column":28}},"loc":{"start":{"line":80,"column":54},"end":{"line":118,"column":9}}},"10":{"name":"(anonymous_10)","decl":{"start":{"line":120,"column":43},"end":{"line":120,"column":44}},"loc":{"start":{"line":120,"column":60},"end":{"line":181,"column":5}}},"11":{"name":"(anonymous_11)","decl":{"start":{"line":122,"column":27},"end":{"line":122,"column":28}},"loc":{"start":{"line":122,"column":54},"end":{"line":180,"column":9}}},"12":{"name":"(anonymous_12)","decl":{"start":{"line":145,"column":51},"end":{"line":145,"column":52}},"loc":{"start":{"line":145,"column":86},"end":{"line":147,"column":29}}},"13":{"name":"addDatasetResult","decl":{"start":{"line":186,"column":9},"end":{"line":186,"column":25}},"loc":{"start":{"line":186,"column":41},"end":{"line":218,"column":1}}},"14":{"name":"getID","decl":{"start":{"line":219,"column":9},"end":{"line":219,"column":14}},"loc":{"start":{"line":219,"column":27},"end":{"line":231,"column":1}}},"15":{"name":"getData","decl":{"start":{"line":232,"column":9},"end":{"line":232,"column":16}},"loc":{"start":{"line":232,"column":21},"end":{"line":250,"column":1}}}},"branchMap":{"0":{"loc":{"start":{"line":22,"column":16},"end":{"line":71,"column":17}},"type":"if","locations":[{"start":{"line":22,"column":16},"end":{"line":71,"column":17}},{"start":{"line":22,"column":16},"end":{"line":71,"column":17}}]},"1":{"loc":{"start":{"line":22,"column":20},"end":{"line":22,"column":75}},"type":"binary-expr","locations":[{"start":{"line":22,"column":20},"end":{"line":22,"column":42}},{"start":{"line":22,"column":46},"end":{"line":22,"column":75}}]},"2":{"loc":{"start":{"line":24,"column":20},"end":{"line":70,"column":21}},"type":"if","locations":[{"start":{"line":24,"column":20},"end":{"line":70,"column":21}},{"start":{"line":24,"column":20},"end":{"line":70,"column":21}}]},"3":{"loc":{"start":{"line":28,"column":28},"end":{"line":30,"column":29}},"type":"if","locations":[{"start":{"line":28,"column":28},"end":{"line":30,"column":29}},{"start":{"line":28,"column":28},"end":{"line":30,"column":29}}]},"4":{"loc":{"start":{"line":32,"column":28},"end":{"line":40,"column":29}},"type":"if","locations":[{"start":{"line":32,"column":28},"end":{"line":40,"column":29}},{"start":{"line":32,"column":28},"end":{"line":40,"column":29}}]},"5":{"loc":{"start":{"line":38,"column":33},"end":{"line":40,"column":29}},"type":"if","locations":[{"start":{"line":38,"column":33},"end":{"line":40,"column":29}},{"start":{"line":38,"column":33},"end":{"line":40,"column":29}}]},"6":{"loc":{"start":{"line":45,"column":25},"end":{"line":70,"column":21}},"type":"if","locations":[{"start":{"line":45,"column":25},"end":{"line":70,"column":21}},{"start":{"line":45,"column":25},"end":{"line":70,"column":21}}]},"7":{"loc":{"start":{"line":49,"column":28},"end":{"line":51,"column":29}},"type":"if","locations":[{"start":{"line":49,"column":28},"end":{"line":51,"column":29}},{"start":{"line":49,"column":28},"end":{"line":51,"column":29}}]},"8":{"loc":{"start":{"line":53,"column":28},"end":{"line":61,"column":29}},"type":"if","locations":[{"start":{"line":53,"column":28},"end":{"line":61,"column":29}},{"start":{"line":53,"column":28},"end":{"line":61,"column":29}}]},"9":{"loc":{"start":{"line":59,"column":33},"end":{"line":61,"column":29}},"type":"if","locations":[{"start":{"line":59,"column":33},"end":{"line":61,"column":29}},{"start":{"line":59,"column":33},"end":{"line":61,"column":29}}]},"10":{"loc":{"start":{"line":82,"column":16},"end":{"line":109,"column":17}},"type":"if","locations":[{"start":{"line":82,"column":16},"end":{"line":109,"column":17}},{"start":{"line":82,"column":16},"end":{"line":109,"column":17}}]},"11":{"loc":{"start":{"line":92,"column":24},"end":{"line":107,"column":25}},"type":"if","locations":[{"start":{"line":92,"column":24},"end":{"line":107,"column":25}},{"start":{"line":92,"column":24},"end":{"line":107,"column":25}}]},"12":{"loc":{"start":{"line":95,"column":28},"end":{"line":97,"column":29}},"type":"if","locations":[{"start":{"line":95,"column":28},"end":{"line":97,"column":29}},{"start":{"line":95,"column":28},"end":{"line":97,"column":29}}]},"13":{"loc":{"start":{"line":124,"column":16},"end":{"line":174,"column":17}},"type":"if","locations":[{"start":{"line":124,"column":16},"end":{"line":174,"column":17}},{"start":{"line":124,"column":16},"end":{"line":174,"column":17}}]},"14":{"loc":{"start":{"line":124,"column":20},"end":{"line":124,"column":71}},"type":"binary-expr","locations":[{"start":{"line":124,"column":20},"end":{"line":124,"column":47}},{"start":{"line":124,"column":51},"end":{"line":124,"column":71}}]},"15":{"loc":{"start":{"line":129,"column":24},"end":{"line":131,"column":25}},"type":"if","locations":[{"start":{"line":129,"column":24},"end":{"line":131,"column":25}},{"start":{"line":129,"column":24},"end":{"line":131,"column":25}}]},"16":{"loc":{"start":{"line":133,"column":24},"end":{"line":135,"column":25}},"type":"if","locations":[{"start":{"line":133,"column":24},"end":{"line":135,"column":25}},{"start":{"line":133,"column":24},"end":{"line":135,"column":25}}]},"17":{"loc":{"start":{"line":140,"column":24},"end":{"line":148,"column":25}},"type":"if","locations":[{"start":{"line":140,"column":24},"end":{"line":148,"column":25}},{"start":{"line":140,"column":24},"end":{"line":148,"column":25}}]},"18":{"loc":{"start":{"line":149,"column":24},"end":{"line":151,"column":25}},"type":"if","locations":[{"start":{"line":149,"column":24},"end":{"line":151,"column":25}},{"start":{"line":149,"column":24},"end":{"line":151,"column":25}}]},"19":{"loc":{"start":{"line":152,"column":24},"end":{"line":157,"column":25}},"type":"if","locations":[{"start":{"line":152,"column":24},"end":{"line":157,"column":25}},{"start":{"line":152,"column":24},"end":{"line":157,"column":25}}]},"20":{"loc":{"start":{"line":155,"column":29},"end":{"line":157,"column":25}},"type":"if","locations":[{"start":{"line":155,"column":29},"end":{"line":157,"column":25}},{"start":{"line":155,"column":29},"end":{"line":157,"column":25}}]},"21":{"loc":{"start":{"line":165,"column":24},"end":{"line":172,"column":25}},"type":"if","locations":[{"start":{"line":165,"column":24},"end":{"line":172,"column":25}},{"start":{"line":165,"column":24},"end":{"line":172,"column":25}}]},"22":{"loc":{"start":{"line":169,"column":29},"end":{"line":172,"column":25}},"type":"if","locations":[{"start":{"line":169,"column":29},"end":{"line":172,"column":25}},{"start":{"line":169,"column":29},"end":{"line":172,"column":25}}]},"23":{"loc":{"start":{"line":188,"column":8},"end":{"line":212,"column":9}},"type":"if","locations":[{"start":{"line":188,"column":8},"end":{"line":212,"column":9}},{"start":{"line":188,"column":8},"end":{"line":212,"column":9}}]},"24":{"loc":{"start":{"line":198,"column":16},"end":{"line":210,"column":17}},"type":"if","locations":[{"start":{"line":198,"column":16},"end":{"line":210,"column":17}},{"start":{"line":198,"column":16},"end":{"line":210,"column":17}}]},"25":{"loc":{"start":{"line":222,"column":8},"end":{"line":224,"column":9}},"type":"if","locations":[{"start":{"line":222,"column":8},"end":{"line":224,"column":9}},{"start":{"line":222,"column":8},"end":{"line":224,"column":9}}]},"26":{"loc":{"start":{"line":236,"column":12},"end":{"line":238,"column":13}},"type":"if","locations":[{"start":{"line":236,"column":12},"end":{"line":238,"column":13}},{"start":{"line":236,"column":12},"end":{"line":238,"column":13}}]},"27":{"loc":{"start":{"line":240,"column":8},"end":{"line":245,"column":9}},"type":"if","locations":[{"start":{"line":240,"column":8},"end":{"line":245,"column":9}},{"start":{"line":240,"column":8},"end":{"line":245,"column":9}}]}},"s":{"0":1,"1":1,"2":1,"3":1,"4":1,"5":1,"6":1,"7":1,"8":1,"9":1,"10":1,"11":1,"12":2,"13":1,"14":0,"15":0,"16":0,"17":0,"18":0,"19":0,"20":0,"21":0,"22":0,"23":0,"24":0,"25":0,"26":0,"27":0,"28":0,"29":0,"30":0,"31":0,"32":0,"33":0,"34":0,"35":0,"36":0,"37":0,"38":0,"39":0,"40":0,"41":0,"42":0,"43":0,"44":0,"45":0,"46":0,"47":1,"48":0,"49":0,"50":0,"51":0,"52":0,"53":0,"54":0,"55":0,"56":0,"57":0,"58":0,"59":0,"60":0,"61":0,"62":0,"63":0,"64":0,"65":0,"66":1,"67":1,"68":1,"69":1,"70":1,"71":1,"72":1,"73":1,"74":1,"75":1,"76":0,"77":1,"78":1,"79":1,"80":0,"81":0,"82":0,"83":0,"84":0,"85":0,"86":0,"87":0,"88":0,"89":0,"90":0,"91":0,"92":0,"93":0,"94":0,"95":0,"96":0,"97":0,"98":0,"99":0,"100":0,"101":0,"102":1,"103":1,"104":1,"105":0,"106":0,"107":0,"108":0,"109":0,"110":1,"111":1,"112":1,"113":0,"114":0,"115":0,"116":0,"117":0,"118":0,"119":0,"120":0,"121":0,"122":0,"123":0,"124":0,"125":0,"126":0,"127":0,"128":0,"129":0,"130":0,"131":0,"132":0,"133":0,"134":1,"135":1,"136":1,"137":0,"138":1,"139":1,"140":0,"141":0,"142":0,"143":0,"144":0,"145":0,"146":0,"147":0,"148":0,"149":0},"f":{"0":1,"1":2,"2":0,"3":0,"4":0,"5":0,"6":0,"7":0,"8":0,"9":0,"10":1,"11":1,"12":0,"13":0,"14":1,"15":0},"b":{"0":[0,0],"1":[0,0],"2":[0,0],"3":[0,0],"4":[0,0],"5":[0,0],"6":[0,0],"7":[0,0],"8":[0,0],"9":[0,0],"10":[0,0],"11":[0,0],"12":[0,0],"13":[1,0],"14":[1,0],"15":[0,1],"16":[1,0],"17":[0,0],"18":[0,0],"19":[0,0],"20":[0,0],"21":[1,0],"22":[0,0],"23":[0,0],"24":[0,0],"25":[0,1],"26":[0,0],"27":[0,0]},"_coverageSchema":"332fd63041d2c1bcb487cc26dd0d5f7d97098a6c","hash":"ea7a412d9138bf43c5adeb6097db8273eb292744","contentHash":"38e1fba430ba8e6cdddc658f50a868cc_10.1.2"},"/Users/gautamsoni/Desktop/CPSC 310/D1/cpsc310_team126/src/controller/Course.js":{"path":"/Users/gautamsoni/Desktop/CPSC 310/D1/cpsc310_team126/src/controller/Course.js","statementMap":{"0":{"start":{"line":2,"column":12},"end":{"line":2,"column":28}},"1":{"start":{"line":3,"column":14},"end":{"line":95,"column":3}},"2":{"start":{"line":5,"column":8},"end":{"line":5,"column":26}},"3":{"start":{"line":6,"column":8},"end":{"line":6,"column":21}},"4":{"start":{"line":7,"column":8},"end":{"line":7,"column":32}},"5":{"start":{"line":9,"column":4},"end":{"line":46,"column":6}},"6":{"start":{"line":10,"column":16},"end":{"line":10,"column":20}},"7":{"start":{"line":11,"column":8},"end":{"line":45,"column":11}},"8":{"start":{"line":12,"column":24},"end":{"line":12,"column":35}},"9":{"start":{"line":13,"column":12},"end":{"line":44,"column":13}},"10":{"start":{"line":14,"column":16},"end":{"line":40,"column":17}},"11":{"start":{"line":15,"column":41},"end":{"line":15,"column":43}},"12":{"start":{"line":16,"column":34},"end":{"line":16,"column":36}},"13":{"start":{"line":17,"column":20},"end":{"line":39,"column":23}},"14":{"start":{"line":18,"column":24},"end":{"line":30,"column":27}},"15":{"start":{"line":19,"column":28},"end":{"line":29,"column":36}},"16":{"start":{"line":20,"column":32},"end":{"line":29,"column":36}},"17":{"start":{"line":21,"column":36},"end":{"line":26,"column":37}},"18":{"start":{"line":22,"column":52},"end":{"line":22,"column":71}},"19":{"start":{"line":23,"column":40},"end":{"line":23,"column":57}},"20":{"start":{"line":28,"column":36},"end":{"line":28,"column":50}},"21":{"start":{"line":31,"column":24},"end":{"line":35,"column":27}},"22":{"start":{"line":32,"column":28},"end":{"line":32,"column":47}},"23":{"start":{"line":34,"column":28},"end":{"line":34,"column":53}},"24":{"start":{"line":37,"column":24},"end":{"line":37,"column":41}},"25":{"start":{"line":38,"column":24},"end":{"line":38,"column":36}},"26":{"start":{"line":43,"column":16},"end":{"line":43,"column":52}},"27":{"start":{"line":47,"column":4},"end":{"line":57,"column":6}},"28":{"start":{"line":48,"column":8},"end":{"line":56,"column":9}},"29":{"start":{"line":49,"column":26},"end":{"line":49,"column":41}},"30":{"start":{"line":50,"column":12},"end":{"line":55,"column":13}},"31":{"start":{"line":51,"column":16},"end":{"line":54,"column":17}},"32":{"start":{"line":52,"column":30},"end":{"line":52,"column":43}},"33":{"start":{"line":53,"column":20},"end":{"line":53,"column":40}},"34":{"start":{"line":58,"column":4},"end":{"line":93,"column":6}},"35":{"start":{"line":59,"column":16},"end":{"line":59,"column":20}},"36":{"start":{"line":60,"column":8},"end":{"line":92,"column":11}},"37":{"start":{"line":61,"column":12},"end":{"line":91,"column":13}},"38":{"start":{"line":62,"column":27},"end":{"line":62,"column":84}},"39":{"start":{"line":63,"column":25},"end":{"line":63,"column":81}},"40":{"start":{"line":64,"column":26},"end":{"line":64,"column":79}},"41":{"start":{"line":65,"column":33},"end":{"line":65,"column":92}},"42":{"start":{"line":66,"column":28},"end":{"line":66,"column":83}},"43":{"start":{"line":67,"column":27},"end":{"line":67,"column":81}},"44":{"start":{"line":68,"column":27},"end":{"line":68,"column":81}},"45":{"start":{"line":69,"column":28},"end":{"line":69,"column":83}},"46":{"start":{"line":70,"column":27},"end":{"line":70,"column":79}},"47":{"start":{"line":71,"column":27},"end":{"line":71,"column":91}},"48":{"start":{"line":72,"column":16},"end":{"line":74,"column":17}},"49":{"start":{"line":73,"column":20},"end":{"line":73,"column":32}},"50":{"start":{"line":75,"column":31},"end":{"line":86,"column":17}},"51":{"start":{"line":87,"column":16},"end":{"line":87,"column":50}},"52":{"start":{"line":90,"column":16},"end":{"line":90,"column":30}},"53":{"start":{"line":94,"column":4},"end":{"line":94,"column":18}},"54":{"start":{"line":96,"column":0},"end":{"line":96,"column":24}}},"fnMap":{"0":{"name":"(anonymous_0)","decl":{"start":{"line":3,"column":14},"end":{"line":3,"column":15}},"loc":{"start":{"line":3,"column":26},"end":{"line":95,"column":1}}},"1":{"name":"Course","decl":{"start":{"line":4,"column":13},"end":{"line":4,"column":19}},"loc":{"start":{"line":4,"column":33},"end":{"line":8,"column":5}}},"2":{"name":"(anonymous_2)","decl":{"start":{"line":9,"column":32},"end":{"line":9,"column":33}},"loc":{"start":{"line":9,"column":48},"end":{"line":46,"column":5}}},"3":{"name":"(anonymous_3)","decl":{"start":{"line":11,"column":27},"end":{"line":11,"column":28}},"loc":{"start":{"line":11,"column":54},"end":{"line":45,"column":9}}},"4":{"name":"(anonymous_4)","decl":{"start":{"line":17,"column":65},"end":{"line":17,"column":66}},"loc":{"start":{"line":17,"column":80},"end":{"line":36,"column":21}}},"5":{"name":"(anonymous_5)","decl":{"start":{"line":18,"column":36},"end":{"line":18,"column":37}},"loc":{"start":{"line":18,"column":62},"end":{"line":30,"column":25}}},"6":{"name":"(anonymous_6)","decl":{"start":{"line":20,"column":94},"end":{"line":20,"column":95}},"loc":{"start":{"line":20,"column":113},"end":{"line":27,"column":33}}},"7":{"name":"(anonymous_7)","decl":{"start":{"line":27,"column":41},"end":{"line":27,"column":42}},"loc":{"start":{"line":27,"column":58},"end":{"line":29,"column":33}}},"8":{"name":"(anonymous_8)","decl":{"start":{"line":31,"column":57},"end":{"line":31,"column":58}},"loc":{"start":{"line":31,"column":77},"end":{"line":33,"column":25}}},"9":{"name":"(anonymous_9)","decl":{"start":{"line":33,"column":33},"end":{"line":33,"column":34}},"loc":{"start":{"line":33,"column":50},"end":{"line":35,"column":25}}},"10":{"name":"(anonymous_10)","decl":{"start":{"line":36,"column":29},"end":{"line":36,"column":30}},"loc":{"start":{"line":36,"column":44},"end":{"line":39,"column":21}}},"11":{"name":"(anonymous_11)","decl":{"start":{"line":47,"column":31},"end":{"line":47,"column":32}},"loc":{"start":{"line":47,"column":51},"end":{"line":57,"column":5}}},"12":{"name":"(anonymous_12)","decl":{"start":{"line":58,"column":33},"end":{"line":58,"column":34}},"loc":{"start":{"line":58,"column":50},"end":{"line":93,"column":5}}},"13":{"name":"(anonymous_13)","decl":{"start":{"line":60,"column":27},"end":{"line":60,"column":28}},"loc":{"start":{"line":60,"column":54},"end":{"line":92,"column":9}}}},"branchMap":{"0":{"loc":{"start":{"line":14,"column":16},"end":{"line":40,"column":17}},"type":"if","locations":[{"start":{"line":14,"column":16},"end":{"line":40,"column":17}},{"start":{"line":14,"column":16},"end":{"line":40,"column":17}}]},"1":{"loc":{"start":{"line":19,"column":28},"end":{"line":29,"column":36}},"type":"if","locations":[{"start":{"line":19,"column":28},"end":{"line":29,"column":36}},{"start":{"line":19,"column":28},"end":{"line":29,"column":36}}]},"2":{"loc":{"start":{"line":48,"column":8},"end":{"line":56,"column":9}},"type":"if","locations":[{"start":{"line":48,"column":8},"end":{"line":56,"column":9}},{"start":{"line":48,"column":8},"end":{"line":56,"column":9}}]},"3":{"loc":{"start":{"line":50,"column":12},"end":{"line":55,"column":13}},"type":"if","locations":[{"start":{"line":50,"column":12},"end":{"line":55,"column":13}},{"start":{"line":50,"column":12},"end":{"line":55,"column":13}}]},"4":{"loc":{"start":{"line":72,"column":16},"end":{"line":74,"column":17}},"type":"if","locations":[{"start":{"line":72,"column":16},"end":{"line":74,"column":17}},{"start":{"line":72,"column":16},"end":{"line":74,"column":17}}]}},"s":{"0":1,"1":1,"2":0,"3":0,"4":0,"5":1,"6":0,"7":0,"8":0,"9":0,"10":0,"11":0,"12":0,"13":0,"14":0,"15":0,"16":0,"17":0,"18":0,"19":0,"20":0,"21":0,"22":0,"23":0,"24":0,"25":0,"26":0,"27":1,"28":0,"29":0,"30":0,"31":0,"32":0,"33":0,"34":1,"35":0,"36":0,"37":0,"38":0,"39":0,"40":0,"41":0,"42":0,"43":0,"44":0,"45":0,"46":0,"47":0,"48":0,"49":0,"50":0,"51":0,"52":0,"53":1,"54":1},"f":{"0":1,"1":0,"2":0,"3":0,"4":0,"5":0,"6":0,"7":0,"8":0,"9":0,"10":0,"11":0,"12":0,"13":0},"b":{"0":[0,0],"1":[0,0],"2":[0,0],"3":[0,0],"4":[0,0]},"_coverageSchema":"332fd63041d2c1bcb487cc26dd0d5f7d97098a6c","hash":"40d2617779401bb4578931c1670f58947065cc91","contentHash":"c2804fb656e02e5aad70d1d11c2c6a2f_10.1.2"},"/Users/gautamsoni/Desktop/CPSC 310/D1/cpsc310_team126/src/controller/Rooms.js":{"path":"/Users/gautamsoni/Desktop/CPSC 310/D1/cpsc310_team126/src/controller/Rooms.js","statementMap":{"0":{"start":{"line":2,"column":9},"end":{"line":2,"column":22}},"1":{"start":{"line":3,"column":12},"end":{"line":3,"column":28}},"2":{"start":{"line":4,"column":13},"end":{"line":4,"column":30}},"3":{"start":{"line":5,"column":11},"end":{"line":5,"column":26}},"4":{"start":{"line":6,"column":0},"end":{"line":6,"column":13}},"5":{"start":{"line":7,"column":19},"end":{"line":7,"column":21}},"6":{"start":{"line":8,"column":13},"end":{"line":341,"column":3}},"7":{"start":{"line":10,"column":8},"end":{"line":10,"column":28}},"8":{"start":{"line":11,"column":8},"end":{"line":11,"column":24}},"9":{"start":{"line":12,"column":8},"end":{"line":12,"column":21}},"10":{"start":{"line":13,"column":8},"end":{"line":13,"column":32}},"11":{"start":{"line":15,"column":4},"end":{"line":55,"column":6}},"12":{"start":{"line":16,"column":16},"end":{"line":16,"column":20}},"13":{"start":{"line":17,"column":27},"end":{"line":17,"column":29}},"14":{"start":{"line":18,"column":8},"end":{"line":54,"column":11}},"15":{"start":{"line":19,"column":24},"end":{"line":19,"column":35}},"16":{"start":{"line":20,"column":12},"end":{"line":53,"column":13}},"17":{"start":{"line":21,"column":16},"end":{"line":48,"column":17}},"18":{"start":{"line":22,"column":20},"end":{"line":47,"column":23}},"19":{"start":{"line":23,"column":24},"end":{"line":39,"column":27}},"20":{"start":{"line":24,"column":28},"end":{"line":38,"column":29}},"21":{"start":{"line":25,"column":32},"end":{"line":37,"column":36}},"22":{"start":{"line":26,"column":36},"end":{"line":34,"column":37}},"23":{"start":{"line":27,"column":56},"end":{"line":27,"column":77}},"24":{"start":{"line":28,"column":40},"end":{"line":28,"column":61}},"25":{"start":{"line":30,"column":41},"end":{"line":34,"column":37}},"26":{"start":{"line":31,"column":40},"end":{"line":31,"column":82}},"27":{"start":{"line":32,"column":55},"end":{"line":32,"column":76}},"28":{"start":{"line":33,"column":40},"end":{"line":33,"column":64}},"29":{"start":{"line":36,"column":36},"end":{"line":36,"column":53}},"30":{"start":{"line":40,"column":24},"end":{"line":44,"column":27}},"31":{"start":{"line":41,"column":28},"end":{"line":41,"column":73}},"32":{"start":{"line":43,"column":28},"end":{"line":43,"column":53}},"33":{"start":{"line":46,"column":24},"end":{"line":46,"column":36}},"34":{"start":{"line":51,"column":16},"end":{"line":51,"column":39}},"35":{"start":{"line":52,"column":16},"end":{"line":52,"column":52}},"36":{"start":{"line":56,"column":4},"end":{"line":100,"column":6}},"37":{"start":{"line":57,"column":16},"end":{"line":57,"column":20}},"38":{"start":{"line":58,"column":8},"end":{"line":99,"column":11}},"39":{"start":{"line":59,"column":37},"end":{"line":59,"column":39}},"40":{"start":{"line":60,"column":12},"end":{"line":98,"column":13}},"41":{"start":{"line":61,"column":16},"end":{"line":61,"column":45}},"42":{"start":{"line":62,"column":16},"end":{"line":62,"column":37}},"43":{"start":{"line":63,"column":30},"end":{"line":82,"column":17}},"44":{"start":{"line":64,"column":34},"end":{"line":77,"column":21}},"45":{"start":{"line":65,"column":24},"end":{"line":76,"column":25}},"46":{"start":{"line":66,"column":28},"end":{"line":66,"column":77}},"47":{"start":{"line":67,"column":28},"end":{"line":67,"column":100}},"48":{"start":{"line":68,"column":28},"end":{"line":68,"column":75}},"49":{"start":{"line":69,"column":28},"end":{"line":75,"column":32}},"50":{"start":{"line":70,"column":32},"end":{"line":74,"column":35}},"51":{"start":{"line":71,"column":36},"end":{"line":71,"column":51}},"52":{"start":{"line":73,"column":36},"end":{"line":73,"column":76}},"53":{"start":{"line":78,"column":20},"end":{"line":81,"column":21}},"54":{"start":{"line":79,"column":35},"end":{"line":79,"column":51}},"55":{"start":{"line":80,"column":24},"end":{"line":80,"column":38}},"56":{"start":{"line":83,"column":16},"end":{"line":86,"column":17}},"57":{"start":{"line":84,"column":35},"end":{"line":84,"column":55}},"58":{"start":{"line":85,"column":20},"end":{"line":85,"column":38}},"59":{"start":{"line":87,"column":16},"end":{"line":94,"column":19}},"60":{"start":{"line":88,"column":20},"end":{"line":90,"column":23}},"61":{"start":{"line":89,"column":24},"end":{"line":89,"column":58}},"62":{"start":{"line":91,"column":20},"end":{"line":91,"column":37}},"63":{"start":{"line":93,"column":20},"end":{"line":93,"column":34}},"64":{"start":{"line":97,"column":16},"end":{"line":97,"column":30}},"65":{"start":{"line":101,"column":4},"end":{"line":146,"column":6}},"66":{"start":{"line":102,"column":8},"end":{"line":145,"column":11}},"67":{"start":{"line":103,"column":26},"end":{"line":103,"column":82}},"68":{"start":{"line":104,"column":22},"end":{"line":104,"column":52}},"69":{"start":{"line":105,"column":12},"end":{"line":144,"column":15}},"70":{"start":{"line":106,"column":33},"end":{"line":106,"column":50}},"71":{"start":{"line":107,"column":34},"end":{"line":107,"column":64}},"72":{"start":{"line":109,"column":16},"end":{"line":116,"column":17}},"73":{"start":{"line":110,"column":20},"end":{"line":111,"column":56}},"74":{"start":{"line":113,"column":21},"end":{"line":116,"column":17}},"75":{"start":{"line":114,"column":20},"end":{"line":115,"column":83}},"76":{"start":{"line":117,"column":16},"end":{"line":121,"column":17}},"77":{"start":{"line":118,"column":20},"end":{"line":118,"column":49}},"78":{"start":{"line":119,"column":20},"end":{"line":119,"column":36}},"79":{"start":{"line":120,"column":20},"end":{"line":120,"column":27}},"80":{"start":{"line":122,"column":16},"end":{"line":122,"column":43}},"81":{"start":{"line":123,"column":30},"end":{"line":123,"column":32}},"82":{"start":{"line":124,"column":16},"end":{"line":126,"column":19}},"83":{"start":{"line":125,"column":20},"end":{"line":125,"column":37}},"84":{"start":{"line":127,"column":16},"end":{"line":141,"column":19}},"85":{"start":{"line":128,"column":20},"end":{"line":140,"column":21}},"86":{"start":{"line":129,"column":41},"end":{"line":129,"column":60}},"87":{"start":{"line":130,"column":24},"end":{"line":133,"column":25}},"88":{"start":{"line":131,"column":28},"end":{"line":131,"column":47}},"89":{"start":{"line":132,"column":28},"end":{"line":132,"column":47}},"90":{"start":{"line":134,"column":24},"end":{"line":134,"column":56}},"91":{"start":{"line":135,"column":24},"end":{"line":135,"column":56}},"92":{"start":{"line":136,"column":24},"end":{"line":136,"column":38}},"93":{"start":{"line":139,"column":24},"end":{"line":139,"column":49}},"94":{"start":{"line":143,"column":16},"end":{"line":143,"column":46}},"95":{"start":{"line":147,"column":4},"end":{"line":149,"column":6}},"96":{"start":{"line":148,"column":8},"end":{"line":148,"column":88}},"97":{"start":{"line":150,"column":4},"end":{"line":159,"column":6}},"98":{"start":{"line":151,"column":25},"end":{"line":151,"column":57}},"99":{"start":{"line":152,"column":8},"end":{"line":157,"column":9}},"100":{"start":{"line":153,"column":26},"end":{"line":153,"column":67}},"101":{"start":{"line":154,"column":12},"end":{"line":156,"column":13}},"102":{"start":{"line":155,"column":16},"end":{"line":155,"column":28}},"103":{"start":{"line":158,"column":8},"end":{"line":158,"column":21}},"104":{"start":{"line":160,"column":4},"end":{"line":174,"column":6}},"105":{"start":{"line":161,"column":16},"end":{"line":161,"column":20}},"106":{"start":{"line":162,"column":8},"end":{"line":173,"column":9}},"107":{"start":{"line":163,"column":12},"end":{"line":172,"column":13}},"108":{"start":{"line":164,"column":31},"end":{"line":164,"column":50}},"109":{"start":{"line":165,"column":16},"end":{"line":171,"column":17}},"110":{"start":{"line":166,"column":32},"end":{"line":166,"column":46}},"111":{"start":{"line":167,"column":20},"end":{"line":169,"column":21}},"112":{"start":{"line":168,"column":24},"end":{"line":168,"column":46}},"113":{"start":{"line":170,"column":20},"end":{"line":170,"column":37}},"114":{"start":{"line":175,"column":4},"end":{"line":189,"column":6}},"115":{"start":{"line":176,"column":16},"end":{"line":176,"column":20}},"116":{"start":{"line":177,"column":8},"end":{"line":188,"column":9}},"117":{"start":{"line":178,"column":12},"end":{"line":187,"column":13}},"118":{"start":{"line":179,"column":31},"end":{"line":179,"column":50}},"119":{"start":{"line":180,"column":16},"end":{"line":186,"column":17}},"120":{"start":{"line":181,"column":32},"end":{"line":181,"column":46}},"121":{"start":{"line":182,"column":20},"end":{"line":184,"column":21}},"122":{"start":{"line":183,"column":24},"end":{"line":183,"column":42}},"123":{"start":{"line":185,"column":20},"end":{"line":185,"column":41}},"124":{"start":{"line":190,"column":4},"end":{"line":254,"column":6}},"125":{"start":{"line":191,"column":16},"end":{"line":191,"column":20}},"126":{"start":{"line":192,"column":21},"end":{"line":192,"column":37}},"127":{"start":{"line":193,"column":8},"end":{"line":253,"column":9}},"128":{"start":{"line":194,"column":23},"end":{"line":194,"column":35}},"129":{"start":{"line":195,"column":12},"end":{"line":252,"column":13}},"130":{"start":{"line":196,"column":27},"end":{"line":196,"column":42}},"131":{"start":{"line":197,"column":16},"end":{"line":251,"column":17}},"132":{"start":{"line":198,"column":30},"end":{"line":198,"column":40}},"133":{"start":{"line":199,"column":20},"end":{"line":250,"column":21}},"134":{"start":{"line":200,"column":38},"end":{"line":200,"column":52}},"135":{"start":{"line":201,"column":24},"end":{"line":243,"column":25}},"136":{"start":{"line":202,"column":41},"end":{"line":202,"column":54}},"137":{"start":{"line":203,"column":28},"end":{"line":242,"column":29}},"138":{"start":{"line":204,"column":52},"end":{"line":204,"column":64}},"139":{"start":{"line":205,"column":32},"end":{"line":241,"column":33}},"140":{"start":{"line":206,"column":59},"end":{"line":206,"column":78}},"141":{"start":{"line":207,"column":57},"end":{"line":207,"column":74}},"142":{"start":{"line":208,"column":36},"end":{"line":240,"column":37}},"143":{"start":{"line":209,"column":58},"end":{"line":209,"column":78}},"144":{"start":{"line":210,"column":40},"end":{"line":224,"column":41}},"145":{"start":{"line":211,"column":72},"end":{"line":211,"column":94}},"146":{"start":{"line":212,"column":44},"end":{"line":220,"column":45}},"147":{"start":{"line":213,"column":48},"end":{"line":219,"column":49}},"148":{"start":{"line":214,"column":77},"end":{"line":214,"column":104}},"149":{"start":{"line":215,"column":72},"end":{"line":215,"column":96}},"150":{"start":{"line":216,"column":52},"end":{"line":218,"column":53}},"151":{"start":{"line":217,"column":75},"end":{"line":217,"column":106}},"152":{"start":{"line":223,"column":44},"end":{"line":223,"column":62}},"153":{"start":{"line":225,"column":40},"end":{"line":239,"column":41}},"154":{"start":{"line":226,"column":44},"end":{"line":234,"column":45}},"155":{"start":{"line":227,"column":59},"end":{"line":227,"column":76}},"156":{"start":{"line":228,"column":48},"end":{"line":233,"column":49}},"157":{"start":{"line":229,"column":71},"end":{"line":229,"column":93}},"158":{"start":{"line":231,"column":53},"end":{"line":233,"column":49}},"159":{"start":{"line":232,"column":74},"end":{"line":232,"column":96}},"160":{"start":{"line":237,"column":44},"end":{"line":237,"column":62}},"161":{"start":{"line":238,"column":44},"end":{"line":238,"column":65}},"162":{"start":{"line":244,"column":41},"end":{"line":248,"column":25}},"163":{"start":{"line":249,"column":24},"end":{"line":249,"column":53}},"164":{"start":{"line":255,"column":4},"end":{"line":339,"column":6}},"165":{"start":{"line":256,"column":16},"end":{"line":256,"column":20}},"166":{"start":{"line":257,"column":21},"end":{"line":257,"column":37}},"167":{"start":{"line":258,"column":8},"end":{"line":338,"column":9}},"168":{"start":{"line":259,"column":23},"end":{"line":259,"column":35}},"169":{"start":{"line":260,"column":12},"end":{"line":337,"column":13}},"170":{"start":{"line":261,"column":27},"end":{"line":261,"column":42}},"171":{"start":{"line":262,"column":16},"end":{"line":336,"column":17}},"172":{"start":{"line":263,"column":30},"end":{"line":263,"column":40}},"173":{"start":{"line":264,"column":20},"end":{"line":335,"column":21}},"174":{"start":{"line":265,"column":38},"end":{"line":265,"column":52}},"175":{"start":{"line":266,"column":24},"end":{"line":320,"column":25}},"176":{"start":{"line":267,"column":41},"end":{"line":267,"column":54}},"177":{"start":{"line":268,"column":28},"end":{"line":319,"column":29}},"178":{"start":{"line":269,"column":52},"end":{"line":269,"column":64}},"179":{"start":{"line":270,"column":32},"end":{"line":318,"column":33}},"180":{"start":{"line":271,"column":55},"end":{"line":271,"column":74}},"181":{"start":{"line":272,"column":57},"end":{"line":272,"column":74}},"182":{"start":{"line":273,"column":36},"end":{"line":317,"column":37}},"183":{"start":{"line":274,"column":58},"end":{"line":274,"column":78}},"184":{"start":{"line":275,"column":40},"end":{"line":297,"column":41}},"185":{"start":{"line":276,"column":72},"end":{"line":276,"column":94}},"186":{"start":{"line":277,"column":44},"end":{"line":292,"column":45}},"187":{"start":{"line":278,"column":48},"end":{"line":291,"column":49}},"188":{"start":{"line":279,"column":77},"end":{"line":279,"column":104}},"189":{"start":{"line":280,"column":66},"end":{"line":280,"column":90}},"190":{"start":{"line":281,"column":52},"end":{"line":283,"column":53}},"191":{"start":{"line":282,"column":73},"end":{"line":282,"column":91}},"192":{"start":{"line":284,"column":68},"end":{"line":284,"column":85}},"193":{"start":{"line":285,"column":52},"end":{"line":290,"column":53}},"194":{"start":{"line":286,"column":71},"end":{"line":286,"column":86}},"195":{"start":{"line":287,"column":56},"end":{"line":289,"column":57}},"196":{"start":{"line":288,"column":75},"end":{"line":288,"column":100}},"197":{"start":{"line":295,"column":44},"end":{"line":295,"column":60}},"198":{"start":{"line":296,"column":44},"end":{"line":296,"column":58}},"199":{"start":{"line":298,"column":40},"end":{"line":316,"column":41}},"200":{"start":{"line":299,"column":44},"end":{"line":310,"column":45}},"201":{"start":{"line":300,"column":59},"end":{"line":300,"column":76}},"202":{"start":{"line":301,"column":48},"end":{"line":309,"column":49}},"203":{"start":{"line":302,"column":68},"end":{"line":302,"column":100}},"204":{"start":{"line":304,"column":53},"end":{"line":309,"column":49}},"205":{"start":{"line":305,"column":72},"end":{"line":305,"column":94}},"206":{"start":{"line":307,"column":53},"end":{"line":309,"column":49}},"207":{"start":{"line":308,"column":67},"end":{"line":308,"column":89}},"208":{"start":{"line":313,"column":44},"end":{"line":313,"column":58}},"209":{"start":{"line":314,"column":44},"end":{"line":314,"column":63}},"210":{"start":{"line":315,"column":44},"end":{"line":315,"column":58}},"211":{"start":{"line":321,"column":37},"end":{"line":333,"column":25}},"212":{"start":{"line":334,"column":24},"end":{"line":334,"column":45}},"213":{"start":{"line":340,"column":4},"end":{"line":340,"column":17}},"214":{"start":{"line":342,"column":0},"end":{"line":342,"column":22}}},"fnMap":{"0":{"name":"(anonymous_0)","decl":{"start":{"line":8,"column":13},"end":{"line":8,"column":14}},"loc":{"start":{"line":8,"column":25},"end":{"line":341,"column":1}}},"1":{"name":"Rooms","decl":{"start":{"line":9,"column":13},"end":{"line":9,"column":18}},"loc":{"start":{"line":9,"column":32},"end":{"line":14,"column":5}}},"2":{"name":"(anonymous_2)","decl":{"start":{"line":15,"column":31},"end":{"line":15,"column":32}},"loc":{"start":{"line":15,"column":47},"end":{"line":55,"column":5}}},"3":{"name":"(anonymous_3)","decl":{"start":{"line":18,"column":27},"end":{"line":18,"column":28}},"loc":{"start":{"line":18,"column":54},"end":{"line":54,"column":9}}},"4":{"name":"(anonymous_4)","decl":{"start":{"line":22,"column":65},"end":{"line":22,"column":66}},"loc":{"start":{"line":22,"column":80},"end":{"line":45,"column":21}}},"5":{"name":"(anonymous_5)","decl":{"start":{"line":23,"column":36},"end":{"line":23,"column":37}},"loc":{"start":{"line":23,"column":62},"end":{"line":39,"column":25}}},"6":{"name":"(anonymous_6)","decl":{"start":{"line":25,"column":76},"end":{"line":25,"column":77}},"loc":{"start":{"line":25,"column":95},"end":{"line":35,"column":33}}},"7":{"name":"(anonymous_7)","decl":{"start":{"line":35,"column":41},"end":{"line":35,"column":42}},"loc":{"start":{"line":35,"column":56},"end":{"line":37,"column":33}}},"8":{"name":"(anonymous_8)","decl":{"start":{"line":40,"column":55},"end":{"line":40,"column":56}},"loc":{"start":{"line":40,"column":75},"end":{"line":42,"column":25}}},"9":{"name":"(anonymous_9)","decl":{"start":{"line":42,"column":33},"end":{"line":42,"column":34}},"loc":{"start":{"line":42,"column":50},"end":{"line":44,"column":25}}},"10":{"name":"(anonymous_10)","decl":{"start":{"line":45,"column":29},"end":{"line":45,"column":30}},"loc":{"start":{"line":45,"column":44},"end":{"line":47,"column":21}}},"11":{"name":"(anonymous_11)","decl":{"start":{"line":56,"column":34},"end":{"line":56,"column":35}},"loc":{"start":{"line":56,"column":72},"end":{"line":100,"column":5}}},"12":{"name":"(anonymous_12)","decl":{"start":{"line":58,"column":27},"end":{"line":58,"column":28}},"loc":{"start":{"line":58,"column":54},"end":{"line":99,"column":9}}},"13":{"name":"(anonymous_13)","decl":{"start":{"line":63,"column":30},"end":{"line":63,"column":31}},"loc":{"start":{"line":63,"column":50},"end":{"line":82,"column":17}}},"14":{"name":"(anonymous_14)","decl":{"start":{"line":64,"column":34},"end":{"line":64,"column":35}},"loc":{"start":{"line":64,"column":50},"end":{"line":77,"column":21}}},"15":{"name":"(anonymous_15)","decl":{"start":{"line":69,"column":64},"end":{"line":69,"column":65}},"loc":{"start":{"line":69,"column":91},"end":{"line":75,"column":29}}},"16":{"name":"(anonymous_16)","decl":{"start":{"line":70,"column":82},"end":{"line":70,"column":83}},"loc":{"start":{"line":70,"column":99},"end":{"line":72,"column":33}}},"17":{"name":"(anonymous_17)","decl":{"start":{"line":72,"column":41},"end":{"line":72,"column":42}},"loc":{"start":{"line":72,"column":58},"end":{"line":74,"column":33}}},"18":{"name":"(anonymous_18)","decl":{"start":{"line":87,"column":53},"end":{"line":87,"column":54}},"loc":{"start":{"line":87,"column":73},"end":{"line":92,"column":17}}},"19":{"name":"(anonymous_19)","decl":{"start":{"line":88,"column":45},"end":{"line":88,"column":46}},"loc":{"start":{"line":88,"column":62},"end":{"line":90,"column":21}}},"20":{"name":"(anonymous_20)","decl":{"start":{"line":92,"column":25},"end":{"line":92,"column":26}},"loc":{"start":{"line":92,"column":42},"end":{"line":94,"column":17}}},"21":{"name":"(anonymous_21)","decl":{"start":{"line":101,"column":32},"end":{"line":101,"column":33}},"loc":{"start":{"line":101,"column":57},"end":{"line":146,"column":5}}},"22":{"name":"(anonymous_22)","decl":{"start":{"line":102,"column":27},"end":{"line":102,"column":28}},"loc":{"start":{"line":102,"column":54},"end":{"line":145,"column":9}}},"23":{"name":"(anonymous_23)","decl":{"start":{"line":105,"column":26},"end":{"line":105,"column":27}},"loc":{"start":{"line":105,"column":44},"end":{"line":142,"column":13}}},"24":{"name":"(anonymous_24)","decl":{"start":{"line":124,"column":34},"end":{"line":124,"column":35}},"loc":{"start":{"line":124,"column":51},"end":{"line":126,"column":17}}},"25":{"name":"(anonymous_25)","decl":{"start":{"line":127,"column":33},"end":{"line":127,"column":34}},"loc":{"start":{"line":127,"column":45},"end":{"line":141,"column":17}}},"26":{"name":"(anonymous_26)","decl":{"start":{"line":142,"column":27},"end":{"line":142,"column":28}},"loc":{"start":{"line":142,"column":40},"end":{"line":144,"column":13}}},"27":{"name":"(anonymous_27)","decl":{"start":{"line":147,"column":34},"end":{"line":147,"column":35}},"loc":{"start":{"line":147,"column":54},"end":{"line":149,"column":5}}},"28":{"name":"(anonymous_28)","decl":{"start":{"line":150,"column":33},"end":{"line":150,"column":34}},"loc":{"start":{"line":150,"column":49},"end":{"line":159,"column":5}}},"29":{"name":"(anonymous_29)","decl":{"start":{"line":160,"column":30},"end":{"line":160,"column":31}},"loc":{"start":{"line":160,"column":50},"end":{"line":174,"column":5}}},"30":{"name":"(anonymous_30)","decl":{"start":{"line":175,"column":34},"end":{"line":175,"column":35}},"loc":{"start":{"line":175,"column":54},"end":{"line":189,"column":5}}},"31":{"name":"(anonymous_31)","decl":{"start":{"line":190,"column":35},"end":{"line":190,"column":36}},"loc":{"start":{"line":190,"column":52},"end":{"line":254,"column":5}}},"32":{"name":"(anonymous_32)","decl":{"start":{"line":255,"column":31},"end":{"line":255,"column":32}},"loc":{"start":{"line":255,"column":48},"end":{"line":339,"column":5}}}},"branchMap":{"0":{"loc":{"start":{"line":21,"column":16},"end":{"line":48,"column":17}},"type":"if","locations":[{"start":{"line":21,"column":16},"end":{"line":48,"column":17}},{"start":{"line":21,"column":16},"end":{"line":48,"column":17}}]},"1":{"loc":{"start":{"line":24,"column":28},"end":{"line":38,"column":29}},"type":"if","locations":[{"start":{"line":24,"column":28},"end":{"line":38,"column":29}},{"start":{"line":24,"column":28},"end":{"line":38,"column":29}}]},"2":{"loc":{"start":{"line":26,"column":36},"end":{"line":34,"column":37}},"type":"if","locations":[{"start":{"line":26,"column":36},"end":{"line":34,"column":37}},{"start":{"line":26,"column":36},"end":{"line":34,"column":37}}]},"3":{"loc":{"start":{"line":30,"column":41},"end":{"line":34,"column":37}},"type":"if","locations":[{"start":{"line":30,"column":41},"end":{"line":34,"column":37}},{"start":{"line":30,"column":41},"end":{"line":34,"column":37}}]},"4":{"loc":{"start":{"line":65,"column":24},"end":{"line":76,"column":25}},"type":"if","locations":[{"start":{"line":65,"column":24},"end":{"line":76,"column":25}},{"start":{"line":65,"column":24},"end":{"line":76,"column":25}}]},"5":{"loc":{"start":{"line":109,"column":16},"end":{"line":116,"column":17}},"type":"if","locations":[{"start":{"line":109,"column":16},"end":{"line":116,"column":17}},{"start":{"line":109,"column":16},"end":{"line":116,"column":17}}]},"6":{"loc":{"start":{"line":113,"column":21},"end":{"line":116,"column":17}},"type":"if","locations":[{"start":{"line":113,"column":21},"end":{"line":116,"column":17}},{"start":{"line":113,"column":21},"end":{"line":116,"column":17}}]},"7":{"loc":{"start":{"line":117,"column":16},"end":{"line":121,"column":17}},"type":"if","locations":[{"start":{"line":117,"column":16},"end":{"line":121,"column":17}},{"start":{"line":117,"column":16},"end":{"line":121,"column":17}}]},"8":{"loc":{"start":{"line":130,"column":24},"end":{"line":133,"column":25}},"type":"if","locations":[{"start":{"line":130,"column":24},"end":{"line":133,"column":25}},{"start":{"line":130,"column":24},"end":{"line":133,"column":25}}]},"9":{"loc":{"start":{"line":152,"column":8},"end":{"line":157,"column":9}},"type":"if","locations":[{"start":{"line":152,"column":8},"end":{"line":157,"column":9}},{"start":{"line":152,"column":8},"end":{"line":157,"column":9}}]},"10":{"loc":{"start":{"line":154,"column":12},"end":{"line":156,"column":13}},"type":"if","locations":[{"start":{"line":154,"column":12},"end":{"line":156,"column":13}},{"start":{"line":154,"column":12},"end":{"line":156,"column":13}}]},"11":{"loc":{"start":{"line":162,"column":8},"end":{"line":173,"column":9}},"type":"if","locations":[{"start":{"line":162,"column":8},"end":{"line":173,"column":9}},{"start":{"line":162,"column":8},"end":{"line":173,"column":9}}]},"12":{"loc":{"start":{"line":163,"column":12},"end":{"line":172,"column":13}},"type":"if","locations":[{"start":{"line":163,"column":12},"end":{"line":172,"column":13}},{"start":{"line":163,"column":12},"end":{"line":172,"column":13}}]},"13":{"loc":{"start":{"line":167,"column":20},"end":{"line":169,"column":21}},"type":"if","locations":[{"start":{"line":167,"column":20},"end":{"line":169,"column":21}},{"start":{"line":167,"column":20},"end":{"line":169,"column":21}}]},"14":{"loc":{"start":{"line":177,"column":8},"end":{"line":188,"column":9}},"type":"if","locations":[{"start":{"line":177,"column":8},"end":{"line":188,"column":9}},{"start":{"line":177,"column":8},"end":{"line":188,"column":9}}]},"15":{"loc":{"start":{"line":178,"column":12},"end":{"line":187,"column":13}},"type":"if","locations":[{"start":{"line":178,"column":12},"end":{"line":187,"column":13}},{"start":{"line":178,"column":12},"end":{"line":187,"column":13}}]},"16":{"loc":{"start":{"line":182,"column":20},"end":{"line":184,"column":21}},"type":"if","locations":[{"start":{"line":182,"column":20},"end":{"line":184,"column":21}},{"start":{"line":182,"column":20},"end":{"line":184,"column":21}}]},"17":{"loc":{"start":{"line":195,"column":12},"end":{"line":252,"column":13}},"type":"if","locations":[{"start":{"line":195,"column":12},"end":{"line":252,"column":13}},{"start":{"line":195,"column":12},"end":{"line":252,"column":13}}]},"18":{"loc":{"start":{"line":199,"column":20},"end":{"line":250,"column":21}},"type":"if","locations":[{"start":{"line":199,"column":20},"end":{"line":250,"column":21}},{"start":{"line":199,"column":20},"end":{"line":250,"column":21}}]},"19":{"loc":{"start":{"line":203,"column":28},"end":{"line":242,"column":29}},"type":"if","locations":[{"start":{"line":203,"column":28},"end":{"line":242,"column":29}},{"start":{"line":203,"column":28},"end":{"line":242,"column":29}}]},"20":{"loc":{"start":{"line":212,"column":44},"end":{"line":220,"column":45}},"type":"if","locations":[{"start":{"line":212,"column":44},"end":{"line":220,"column":45}},{"start":{"line":212,"column":44},"end":{"line":220,"column":45}}]},"21":{"loc":{"start":{"line":216,"column":52},"end":{"line":218,"column":53}},"type":"if","locations":[{"start":{"line":216,"column":52},"end":{"line":218,"column":53}},{"start":{"line":216,"column":52},"end":{"line":218,"column":53}}]},"22":{"loc":{"start":{"line":226,"column":44},"end":{"line":234,"column":45}},"type":"if","locations":[{"start":{"line":226,"column":44},"end":{"line":234,"column":45}},{"start":{"line":226,"column":44},"end":{"line":234,"column":45}}]},"23":{"loc":{"start":{"line":228,"column":48},"end":{"line":233,"column":49}},"type":"if","locations":[{"start":{"line":228,"column":48},"end":{"line":233,"column":49}},{"start":{"line":228,"column":48},"end":{"line":233,"column":49}}]},"24":{"loc":{"start":{"line":231,"column":53},"end":{"line":233,"column":49}},"type":"if","locations":[{"start":{"line":231,"column":53},"end":{"line":233,"column":49}},{"start":{"line":231,"column":53},"end":{"line":233,"column":49}}]},"25":{"loc":{"start":{"line":260,"column":12},"end":{"line":337,"column":13}},"type":"if","locations":[{"start":{"line":260,"column":12},"end":{"line":337,"column":13}},{"start":{"line":260,"column":12},"end":{"line":337,"column":13}}]},"26":{"loc":{"start":{"line":264,"column":20},"end":{"line":335,"column":21}},"type":"if","locations":[{"start":{"line":264,"column":20},"end":{"line":335,"column":21}},{"start":{"line":264,"column":20},"end":{"line":335,"column":21}}]},"27":{"loc":{"start":{"line":268,"column":28},"end":{"line":319,"column":29}},"type":"if","locations":[{"start":{"line":268,"column":28},"end":{"line":319,"column":29}},{"start":{"line":268,"column":28},"end":{"line":319,"column":29}}]},"28":{"loc":{"start":{"line":277,"column":44},"end":{"line":292,"column":45}},"type":"if","locations":[{"start":{"line":277,"column":44},"end":{"line":292,"column":45}},{"start":{"line":277,"column":44},"end":{"line":292,"column":45}}]},"29":{"loc":{"start":{"line":281,"column":52},"end":{"line":283,"column":53}},"type":"if","locations":[{"start":{"line":281,"column":52},"end":{"line":283,"column":53}},{"start":{"line":281,"column":52},"end":{"line":283,"column":53}}]},"30":{"loc":{"start":{"line":287,"column":56},"end":{"line":289,"column":57}},"type":"if","locations":[{"start":{"line":287,"column":56},"end":{"line":289,"column":57}},{"start":{"line":287,"column":56},"end":{"line":289,"column":57}}]},"31":{"loc":{"start":{"line":299,"column":44},"end":{"line":310,"column":45}},"type":"if","locations":[{"start":{"line":299,"column":44},"end":{"line":310,"column":45}},{"start":{"line":299,"column":44},"end":{"line":310,"column":45}}]},"32":{"loc":{"start":{"line":301,"column":48},"end":{"line":309,"column":49}},"type":"if","locations":[{"start":{"line":301,"column":48},"end":{"line":309,"column":49}},{"start":{"line":301,"column":48},"end":{"line":309,"column":49}}]},"33":{"loc":{"start":{"line":304,"column":53},"end":{"line":309,"column":49}},"type":"if","locations":[{"start":{"line":304,"column":53},"end":{"line":309,"column":49}},{"start":{"line":304,"column":53},"end":{"line":309,"column":49}}]},"34":{"loc":{"start":{"line":307,"column":53},"end":{"line":309,"column":49}},"type":"if","locations":[{"start":{"line":307,"column":53},"end":{"line":309,"column":49}},{"start":{"line":307,"column":53},"end":{"line":309,"column":49}}]}},"s":{"0":1,"1":1,"2":1,"3":1,"4":1,"5":1,"6":1,"7":0,"8":0,"9":0,"10":0,"11":1,"12":0,"13":0,"14":0,"15":0,"16":0,"17":0,"18":0,"19":0,"20":0,"21":0,"22":0,"23":0,"24":0,"25":0,"26":0,"27":0,"28":0,"29":0,"30":0,"31":0,"32":0,"33":0,"34":0,"35":0,"36":1,"37":0,"38":0,"39":0,"40":0,"41":0,"42":0,"43":0,"44":0,"45":0,"46":0,"47":0,"48":0,"49":0,"50":0,"51":0,"52":0,"53":0,"54":0,"55":0,"56":0,"57":0,"58":0,"59":0,"60":0,"61":0,"62":0,"63":0,"64":0,"65":1,"66":0,"67":0,"68":0,"69":0,"70":0,"71":0,"72":0,"73":0,"74":0,"75":0,"76":0,"77":0,"78":0,"79":0,"80":0,"81":0,"82":0,"83":0,"84":0,"85":0,"86":0,"87":0,"88":0,"89":0,"90":0,"91":0,"92":0,"93":0,"94":0,"95":1,"96":0,"97":1,"98":0,"99":0,"100":0,"101":0,"102":0,"103":0,"104":1,"105":0,"106":0,"107":0,"108":0,"109":0,"110":0,"111":0,"112":0,"113":0,"114":1,"115":0,"116":0,"117":0,"118":0,"119":0,"120":0,"121":0,"122":0,"123":0,"124":1,"125":0,"126":0,"127":0,"128":0,"129":0,"130":0,"131":0,"132":0,"133":0,"134":0,"135":0,"136":0,"137":0,"138":0,"139":0,"140":0,"141":0,"142":0,"143":0,"144":0,"145":0,"146":0,"147":0,"148":0,"149":0,"150":0,"151":0,"152":0,"153":0,"154":0,"155":0,"156":0,"157":0,"158":0,"159":0,"160":0,"161":0,"162":0,"163":0,"164":1,"165":0,"166":0,"167":0,"168":0,"169":0,"170":0,"171":0,"172":0,"173":0,"174":0,"175":0,"176":0,"177":0,"178":0,"179":0,"180":0,"181":0,"182":0,"183":0,"184":0,"185":0,"186":0,"187":0,"188":0,"189":0,"190":0,"191":0,"192":0,"193":0,"194":0,"195":0,"196":0,"197":0,"198":0,"199":0,"200":0,"201":0,"202":0,"203":0,"204":0,"205":0,"206":0,"207":0,"208":0,"209":0,"210":0,"211":0,"212":0,"213":1,"214":1},"f":{"0":1,"1":0,"2":0,"3":0,"4":0,"5":0,"6":0,"7":0,"8":0,"9":0,"10":0,"11":0,"12":0,"13":0,"14":0,"15":0,"16":0,"17":0,"18":0,"19":0,"20":0,"21":0,"22":0,"23":0,"24":0,"25":0,"26":0,"27":0,"28":0,"29":0,"30":0,"31":0,"32":0},"b":{"0":[0,0],"1":[0,0],"2":[0,0],"3":[0,0],"4":[0,0],"5":[0,0],"6":[0,0],"7":[0,0],"8":[0,0],"9":[0,0],"10":[0,0],"11":[0,0],"12":[0,0],"13":[0,0],"14":[0,0],"15":[0,0],"16":[0,0],"17":[0,0],"18":[0,0],"19":[0,0],"20":[0,0],"21":[0,0],"22":[0,0],"23":[0,0],"24":[0,0],"25":[0,0],"26":[0,0],"27":[0,0],"28":[0,0],"29":[0,0],"30":[0,0],"31":[0,0],"32":[0,0],"33":[0,0],"34":[0,0]},"_coverageSchema":"332fd63041d2c1bcb487cc26dd0d5f7d97098a6c","hash":"c6ac02c46c820ed42fca1f0491e9349ea5cff03b","contentHash":"c4bc4f8999c609ce35c54c482640d47b_10.1.2"},"/Users/gautamsoni/Desktop/CPSC 310/D1/cpsc310_team126/src/Query/BODY.js":{"path":"/Users/gautamsoni/Desktop/CPSC 310/D1/cpsc310_team126/src/Query/BODY.js","statementMap":{"0":{"start":{"line":2,"column":12},"end":{"line":208,"column":3}},"1":{"start":{"line":4,"column":8},"end":{"line":4,"column":29}},"2":{"start":{"line":5,"column":8},"end":{"line":5,"column":26}},"3":{"start":{"line":6,"column":8},"end":{"line":6,"column":34}},"4":{"start":{"line":7,"column":8},"end":{"line":7,"column":37}},"5":{"start":{"line":8,"column":8},"end":{"line":8,"column":29}},"6":{"start":{"line":9,"column":8},"end":{"line":9,"column":37}},"7":{"start":{"line":11,"column":4},"end":{"line":75,"column":6}},"8":{"start":{"line":12,"column":16},"end":{"line":12,"column":20}},"9":{"start":{"line":13,"column":8},"end":{"line":74,"column":9}},"10":{"start":{"line":14,"column":12},"end":{"line":70,"column":13}},"11":{"start":{"line":15,"column":31},"end":{"line":15,"column":88}},"12":{"start":{"line":16,"column":16},"end":{"line":18,"column":17}},"13":{"start":{"line":17,"column":20},"end":{"line":17,"column":40}},"14":{"start":{"line":19,"column":16},"end":{"line":24,"column":17}},"15":{"start":{"line":20,"column":37},"end":{"line":20,"column":51}},"16":{"start":{"line":21,"column":34},"end":{"line":21,"column":71}},"17":{"start":{"line":22,"column":20},"end":{"line":22,"column":39}},"18":{"start":{"line":23,"column":20},"end":{"line":23,"column":62}},"19":{"start":{"line":26,"column":17},"end":{"line":70,"column":13}},"20":{"start":{"line":27,"column":30},"end":{"line":27,"column":86}},"21":{"start":{"line":28,"column":16},"end":{"line":30,"column":17}},"22":{"start":{"line":29,"column":20},"end":{"line":29,"column":39}},"23":{"start":{"line":31,"column":16},"end":{"line":38,"column":17}},"24":{"start":{"line":32,"column":37},"end":{"line":32,"column":50}},"25":{"start":{"line":33,"column":35},"end":{"line":33,"column":72}},"26":{"start":{"line":34,"column":20},"end":{"line":34,"column":40}},"27":{"start":{"line":35,"column":20},"end":{"line":37,"column":23}},"28":{"start":{"line":36,"column":24},"end":{"line":36,"column":58}},"29":{"start":{"line":39,"column":16},"end":{"line":39,"column":55}},"30":{"start":{"line":40,"column":16},"end":{"line":40,"column":57}},"31":{"start":{"line":42,"column":17},"end":{"line":70,"column":13}},"32":{"start":{"line":43,"column":16},"end":{"line":43,"column":84}},"33":{"start":{"line":44,"column":16},"end":{"line":44,"column":59}},"34":{"start":{"line":45,"column":16},"end":{"line":45,"column":52}},"35":{"start":{"line":47,"column":17},"end":{"line":70,"column":13}},"36":{"start":{"line":48,"column":16},"end":{"line":48,"column":84}},"37":{"start":{"line":49,"column":16},"end":{"line":49,"column":59}},"38":{"start":{"line":50,"column":16},"end":{"line":50,"column":52}},"39":{"start":{"line":52,"column":17},"end":{"line":70,"column":13}},"40":{"start":{"line":53,"column":16},"end":{"line":53,"column":84}},"41":{"start":{"line":54,"column":16},"end":{"line":54,"column":59}},"42":{"start":{"line":55,"column":16},"end":{"line":55,"column":52}},"43":{"start":{"line":57,"column":17},"end":{"line":70,"column":13}},"44":{"start":{"line":58,"column":16},"end":{"line":58,"column":84}},"45":{"start":{"line":59,"column":16},"end":{"line":59,"column":59}},"46":{"start":{"line":60,"column":16},"end":{"line":60,"column":52}},"47":{"start":{"line":62,"column":17},"end":{"line":70,"column":13}},"48":{"start":{"line":63,"column":30},"end":{"line":63,"column":87}},"49":{"start":{"line":64,"column":30},"end":{"line":64,"column":64}},"50":{"start":{"line":65,"column":16},"end":{"line":65,"column":35}},"51":{"start":{"line":66,"column":33},"end":{"line":66,"column":51}},"52":{"start":{"line":67,"column":16},"end":{"line":69,"column":19}},"53":{"start":{"line":68,"column":20},"end":{"line":68,"column":54}},"54":{"start":{"line":73,"column":12},"end":{"line":73,"column":32}},"55":{"start":{"line":76,"column":4},"end":{"line":104,"column":6}},"56":{"start":{"line":77,"column":16},"end":{"line":77,"column":20}},"57":{"start":{"line":78,"column":8},"end":{"line":102,"column":9}},"58":{"start":{"line":79,"column":36},"end":{"line":79,"column":68}},"59":{"start":{"line":80,"column":31},"end":{"line":80,"column":50}},"60":{"start":{"line":81,"column":12},"end":{"line":98,"column":13}},"61":{"start":{"line":82,"column":16},"end":{"line":85,"column":17}},"62":{"start":{"line":83,"column":40},"end":{"line":83,"column":66}},"63":{"start":{"line":84,"column":20},"end":{"line":84,"column":52}},"64":{"start":{"line":86,"column":37},"end":{"line":86,"column":94}},"65":{"start":{"line":87,"column":32},"end":{"line":94,"column":18}},"66":{"start":{"line":88,"column":20},"end":{"line":93,"column":21}},"67":{"start":{"line":89,"column":24},"end":{"line":89,"column":69}},"68":{"start":{"line":92,"column":24},"end":{"line":92,"column":43}},"69":{"start":{"line":97,"column":16
[...]
:0,"36":0,"37":0,"38":0,"39":0,"40":0,"41":0,"42":0,"43":0,"44":0,"45":0,"46":0,"47":0,"48":0,"49":0,"50":0,"51":0,"52":0,"53":0,"54":0,"55":1,"56":0,"57":0,"58":0,"59":0,"60":0,"61":0,"62":0,"63":0,"64":0,"65":0,"66":0,"67":0,"68":0,"69":0,"70":0,"71":0,"72":1,"73":0,"74":0,"75":0,"76":0,"77":0,"78":0,"79":0,"80":0,"81":0,"82":0,"83":0,"84":0,"85":0,"86":0,"87":0,"88":0,"89":1,"90":0,"91":0,"92":0,"93":0,"94":0,"95":0,"96":0,"97":0,"98":0,"99":0,"100":0,"101":0,"102":0,"103":0,"104":0,"105":0,"106":1,"107":0,"108":0,"109":0,"110":0,"111":0,"112":0,"113":0,"114":0,"115":0,"116":0,"117":0,"118":0,"119":0,"120":0,"121":0,"122":0,"123":0,"124":0,"125":0,"126":0,"127":0,"128":0,"129":0,"130":0,"131":0,"132":0,"133":0,"134":1,"135":1},"f":{"0":1,"1":0,"2":0,"3":0,"4":0,"5":0,"6":0,"7":0,"8":0,"9":0,"10":0,"11":0,"12":0},"b":{"0":[0,0],"1":[0,0],"2":[0,0],"3":[0,0],"4":[0,0],"5":[0,0],"6":[0,0],"7":[0,0],"8":[0,0],"9":[0,0],"10":[0,0,0,0,0,0,0,0],"11":[0,0],"12":[0,0],"13":[0,0],"14":[0,0,0,0,0,0,0,0],"15":[0,0],"16":[0,0],"17":[0,0],"18":[0,0,0,0,0,0,0,0],"19":[0,0],"20":[0,0],"21":[0,0],"22":[0,0,0,0,0,0,0,0,0,0,0,0,0],"23":[0,0],"24":[0,0],"25":[0,0],"26":[0,0],"27":[0,0],"28":[0,0],"29":[0,0]},"_coverageSchema":"332fd63041d2c1bcb487cc26dd0d5f7d97098a6c","hash":"05a7ee9d93cbc82c238a0b6e7dd5127860f158cd","contentHash":"4261e638e3cff0d8a66a4f04fdd6a626_10.1.2"},"/Users/gautamsoni/Desktop/CPSC 310/D1/cpsc310_team126/src/Query/OPTIONS.js":{"path":"/Users/gautamsoni/Desktop/CPSC 310/D1/cpsc310_team126/src/Query/OPTIONS.js","statementMap":{"0":{"start":{"line":2,"column":15},"end":{"line":70,"column":3}},"1":{"start":{"line":4,"column":8},"end":{"line":4,"column":34}},"2":{"start":{"line":5,"column":8},"end":{"line":5,"column":29}},"3":{"start":{"line":6,"column":8},"end":{"line":6,"column":37}},"4":{"start":{"line":8,"column":4},"end":{"line":28,"column":6}},"5":{"start":{"line":9,"column":16},"end":{"line":9,"column":20}},"6":{"start":{"line":10,"column":25},"end":{"line":10,"column":86}},"7":{"start":{"line":11,"column":8},"end":{"line":13,"column":9}},"8":{"start":{"line":12,"column":12},"end":{"line":12,"column":34}},"9":{"start":{"line":14,"column":8},"end":{"line":22,"column":9}},"10":{"start":{"line":15,"column":23},"end":{"line":15,"column":29}},"11":{"start":{"line":16,"column":31},"end":{"line":16,"column":33}},"12":{"start":{"line":17,"column":12},"end":{"line":20,"column":13}},"13":{"start":{"line":18,"column":34},"end":{"line":18,"column":50}},"14":{"start":{"line":19,"column":16},"end":{"line":19,"column":101}},"15":{"start":{"line":21,"column":12},"end":{"line":21,"column":49}},"16":{"start":{"line":23,"column":8},"end":{"line":26,"column":9}},"17":{"start":{"line":24,"column":27},"end":{"line":24,"column":86}},"18":{"start":{"line":25,"column":12},"end":{"line":25,"column":41}},"19":{"start":{"line":27,"column":8},"end":{"line":27,"column":44}},"20":{"start":{"line":29,"column":4},"end":{"line":68,"column":6}},"21":{"start":{"line":30,"column":16},"end":{"line":30,"column":20}},"22":{"start":{"line":31,"column":8},"end":{"line":67,"column":9}},"23":{"start":{"line":32,"column":12},"end":{"line":55,"column":15}},"24":{"start":{"line":33,"column":16},"end":{"line":54,"column":17}},"25":{"start":{"line":34,"column":20},"end":{"line":42,"column":23}},"26":{"start":{"line":35,"column":24},"end":{"line":41,"column":25}},"27":{"start":{"line":36,"column":28},"end":{"line":37,"column":42}},"28":{"start":{"line":37,"column":32},"end":{"line":37,"column":42}},"29":{"start":{"line":38,"column":28},"end":{"line":39,"column":41}},"30":{"start":{"line":39,"column":32},"end":{"line":39,"column":41}},"31":{"start":{"line":40,"column":28},"end":{"line":40,"column":37}},"32":{"start":{"line":44,"column":21},"end":{"line":54,"column":17}},"33":{"start":{"line":45,"column":20},"end":{"line":53,"column":23}},"34":{"start":{"line":46,"column":24},"end":{"line":52,"column":25}},"35":{"start":{"line":47,"column":28},"end":{"line":48,"column":42}},"36":{"start":{"line":48,"column":32},"end":{"line":48,"column":42}},"37":{"start":{"line":49,"column":28},"end":{"line":50,"column":41}},"38":{"start":{"line":50,"column":32},"end":{"line":50,"column":41}},"39":{"start":{"line":51,"column":28},"end":{"line":51,"column":37}},"40":{"start":{"line":58,"column":12},"end":{"line":66,"column":15}},"41":{"start":{"line":59,"column":16},"end":{"line":65,"column":17}},"42":{"start":{"line":60,"column":20},"end":{"line":61,"column":34}},"43":{"start":{"line":61,"column":24},"end":{"line":61,"column":34}},"44":{"start":{"line":62,"column":20},"end":{"line":63,"column":33}},"45":{"start":{"line":63,"column":24},"end":{"line":63,"column":33}},"46":{"start":{"line":64,"column":20},"end":{"line":64,"column":29}},"47":{"start":{"line":69,"column":4},"end":{"line":69,"column":19}},"48":{"start":{"line":71,"column":0},"end":{"line":71,"column":26}}},"fnMap":{"0":{"name":"(anonymous_0)","decl":{"start":{"line":2,"column":15},"end":{"line":2,"column":16}},"loc":{"start":{"line":2,"column":27},"end":{"line":70,"column":1}}},"1":{"name":"Options","decl":{"start":{"line":3,"column":13},"end":{"line":3,"column":20}},"loc":{"start":{"line":3,"column":43},"end":{"line":7,"column":5}}},"2":{"name":"(anonymous_2)","decl":{"start":{"line":8,"column":33},"end":{"line":8,"column":34}},"loc":{"start":{"line":8,"column":45},"end":{"line":28,"column":5}}},"3":{"name":"(anonymous_3)","decl":{"start":{"line":29,"column":38},"end":{"line":29,"column":39}},"loc":{"start":{"line":29,"column":54},"end":{"line":68,"column":5}}},"4":{"name":"(anonymous_4)","decl":{"start":{"line":32,"column":30},"end":{"line":32,"column":31}},"loc":{"start":{"line":32,"column":45},"end":{"line":55,"column":13}}},"5":{"name":"(anonymous_5)","decl":{"start":{"line":34,"column":43},"end":{"line":34,"column":44}},"loc":{"start":{"line":34,"column":59},"end":{"line":42,"column":21}}},"6":{"name":"(anonymous_6)","decl":{"start":{"line":45,"column":43},"end":{"line":45,"column":44}},"loc":{"start":{"line":45,"column":59},"end":{"line":53,"column":21}}},"7":{"name":"(anonymous_7)","decl":{"start":{"line":58,"column":35},"end":{"line":58,"column":36}},"loc":{"start":{"line":58,"column":51},"end":{"line":66,"column":13}}}},"branchMap":{"0":{"loc":{"start":{"line":11,"column":8},"end":{"line":13,"column":9}},"type":"if","locations":[{"start":{"line":11,"column":8},"end":{"line":13,"column":9}},{"start":{"line":11,"column":8},"end":{"line":13,"column":9}}]},"1":{"loc":{"start":{"line":23,"column":8},"end":{"line":26,"column":9}},"type":"if","locations":[{"start":{"line":23,"column":8},"end":{"line":26,"column":9}},{"start":{"line":23,"column":8},"end":{"line":26,"column":9}}]},"2":{"loc":{"start":{"line":31,"column":8},"end":{"line":67,"column":9}},"type":"if","locations":[{"start":{"line":31,"column":8},"end":{"line":67,"column":9}},{"start":{"line":31,"column":8},"end":{"line":67,"column":9}}]},"3":{"loc":{"start":{"line":33,"column":16},"end":{"line":54,"column":17}},"type":"if","locations":[{"start":{"line":33,"column":16},"end":{"line":54,"column":17}},{"start":{"line":33,"column":16},"end":{"line":54,"column":17}}]},"4":{"loc":{"start":{"line":35,"column":24},"end":{"line":41,"column":25}},"type":"if","locations":[{"start":{"line":35,"column":24},"end":{"line":41,"column":25}},{"start":{"line":35,"column":24},"end":{"line":41,"column":25}}]},"5":{"loc":{"start":{"line":35,"column":28},"end":{"line":35,"column":74}},"type":"binary-expr","locations":[{"start":{"line":35,"column":28},"end":{"line":35,"column":49}},{"start":{"line":35,"column":53},"end":{"line":35,"column":74}}]},"6":{"loc":{"start":{"line":36,"column":28},"end":{"line":37,"column":42}},"type":"if","locations":[{"start":{"line":36,"column":28},"end":{"line":37,"column":42}},{"start":{"line":36,"column":28},"end":{"line":37,"column":42}}]},"7":{"loc":{"start":{"line":38,"column":28},"end":{"line":39,"column":41}},"type":"if","locations":[{"start":{"line":38,"column":28},"end":{"line":39,"column":41}},{"start":{"line":38,"column":28},"end":{"line":39,"column":41}}]},"8":{"loc":{"start":{"line":44,"column":21},"end":{"line":54,"column":17}},"type":"if","locations":[{"start":{"line":44,"column":21},"end":{"line":54,"column":17}},{"start":{"line":44,"column":21},"end":{"line":54,"column":17}}]},"9":{"loc":{"start":{"line":46,"column":24},"end":{"line":52,"column":25}},"type":"if","locations":[{"start":{"line":46,"column":24},"end":{"line":52,"column":25}},{"start":{"line":46,"column":24},"end":{"line":52,"column":25}}]},"10":{"loc":{"start":{"line":46,"column":28},"end":{"line":46,"column":74}},"type":"binary-expr","locations":[{"start":{"line":46,"column":28},"end":{"line":46,"column":49}},{"start":{"line":46,"column":53},"end":{"line":46,"column":74}}]},"11":{"loc":{"start":{"line":47,"column":28},"end":{"line":48,"column":42}},"type":"if","locations":[{"start":{"line":47,"column":28},"end":{"line":48,"column":42}},{"start":{"line":47,"column":28},"end":{"line":48,"column":42}}]},"12":{"loc":{"start":{"line":49,"column":28},"end":{"line":50,"column":41}},"type":"if","locations":[{"start":{"line":49,"column":28},"end":{"line":50,"column":41}},{"start":{"line":49,"column":28},"end":{"line":50,"column":41}}]},"13":{"loc":{"start":{"line":59,"column":16},"end":{"line":65,"column":17}},"type":"if","locations":[{"start":{"line":59,"column":16},"end":{"line":65,"column":17}},{"start":{"line":59,"column":16},"end":{"line":65,"column":17}}]},"14":{"loc":{"start":{"line":59,"column":20},"end":{"line":59,"column":66}},"type":"binary-expr","locations":[{"start":{"line":59,"column":20},"end":{"line":59,"column":41}},{"start":{"line":59,"column":45},"end":{"line":59,"column":66}}]},"15":{"loc":{"start":{"line":60,"column":20},"end":{"line":61,"column":34}},"type":"if","locations":[{"start":{"line":60,"column":20},"end":{"line":61,"column":34}},{"start":{"line":60,"column":20},"end":{"line":61,"column":34}}]},"16":{"loc":{"start":{"line":62,"column":20},"end":{"line":63,"column":33}},"type":"if","locations":[{"start":{"line":62,"column":20},"end":{"line":63,"column":33}},{"start":{"line":62,"column":20},"end":{"line":63,"column":33}}]}},"s":{"0":1,"1":0,"2":0,"3":0,"4":1,"5":0,"6":0,"7":0,"8":0,"9":0,"10":0,"11":0,"12":0,"13":0,"14":0,"15":0,"16":0,"17":0,"18":0,"19":0,"20":1,"21":0,"22":0,"23":0,"24":0,"25":0,"26":0,"27":0,"28":0,"29":0,"30":0,"31":0,"32":0,"33":0,"34":0,"35":0,"36":0,"37":0,"38":0,"39":0,"40":0,"41":0,"42":0,"43":0,"44":0,"45":0,"46":0,"47":1,"48":1},"f":{"0":1,"1":0,"2":0,"3":0,"4":0,"5":0,"6":0,"7":0},"b":{"0":[0,0],"1":[0,0],"2":[0,0],"3":[0,0],"4":[0,0],"5":[0,0],"6":[0,0],"7":[0,0],"8":[0,0],"9":[0,0],"10":[0,0],"11":[0,0],"12":[0,0],"13":[0,0],"14":[0,0],"15":[0,0],"16":[0,0]},"_coverageSchema":"332fd63041d2c1bcb487cc26dd0d5f7d97098a6c","hash":"76fc374ad298bd9205fd68f53310a255eb07fe82","contentHash":"7b251bfcd6809e465489f841d9c71d5f_10.1.2"},"/Users/gautamsoni/Desktop/CPSC 310/D1/cpsc310_team126/src/Query/TRANSFORMATIONS.js":{"path":"/Users/gautamsoni/Desktop/CPSC 310/D1/cpsc310_team126/src/Query/TRANSFORMATIONS.js","statementMap":{"0":{"start":{"line":2,"column":22},"end":{"line":86,"column":3}},"1":{"start":{"line":4,"column":8},"end":{"line":4,"column":34}},"2":{"start":{"line":5,"column":8},"end":{"line":5,"column":35}},"3":{"start":{"line":6,"column":8},"end":{"line":6,"column":35}},"4":{"start":{"line":7,"column":8},"end":{"line":7,"column":29}},"5":{"start":{"line":8,"column":8},"end":{"line":8,"column":37}},"6":{"start":{"line":10,"column":4},"end":{"line":24,"column":6}},"7":{"start":{"line":11,"column":16},"end":{"line":11,"column":20}},"8":{"start":{"line":12,"column":8},"end":{"line":12,"column":44}},"9":{"start":{"line":13,"column":24},"end":{"line":13,"column":83}},"10":{"start":{"line":14,"column":8},"end":{"line":22,"column":11}},"11":{"start":{"line":15,"column":12},"end":{"line":21,"column":15}},"12":{"start":{"line":16,"column":33},"end":{"line":16,"column":43}},"13":{"start":{"line":17,"column":16},"end":{"line":19,"column":19}},"14":{"start":{"line":18,"column":20},"end":{"line":18,"column":55}},"15":{"start":{"line":20,"column":16},"end":{"line":20,"column":52}},"16":{"start":{"line":23,"column":8},"end":{"line":23,"column":45}},"17":{"start":{"line":25,"column":4},"end":{"line":84,"column":6}},"18":{"start":{"line":26,"column":16},"end":{"line":26,"column":20}},"19":{"start":{"line":27,"column":24},"end":{"line":27,"column":83}},"20":{"start":{"line":28,"column":8},"end":{"line":83,"column":11}},"21":{"start":{"line":29,"column":29},"end":{"line":29,"column":47}},"22":{"start":{"line":30,"column":12},"end":{"line":82,"column":15}},"23":{"start":{"line":31,"column":32},"end":{"line":31,"column":85}},"24":{"start":{"line":32,"column":16},"end":{"line":81,"column":17}},"25":{"start":{"line":33,"column":36},"end":{"line":33,"column":93}},"26":{"start":{"line":34,"column":36},"end":{"line":36,"column":23}},"27":{"start":{"line":35,"column":24},"end":{"line":35,"column":44}},"28":{"start":{"line":37,"column":36},"end":{"line":39,"column":22}},"29":{"start":{"line":38,"column":24},"end":{"line":38,"column":65}},"30":{"start":{"line":40,"column":20},"end":{"line":40,"column":52}},"31":{"start":{"line":41,"column":20},"end":{"line":41,"column":58}},"32":{"start":{"line":43,"column":21},"end":{"line":81,"column":17}},"33":{"start":{"line":44,"column":36},"end":{"line":44,"column":93}},"34":{"start":{"line":45,"column":36},"end":{"line":47,"column":23}},"35":{"start":{"line":46,"column":24},"end":{"line":46,"column":44}},"36":{"start":{"line":48,"column":36},"end":{"line":50,"column":22}},"37":{"start":{"line":49,"column":24},"end":{"line":49,"column":65}},"38":{"start":{"line":51,"column":20},"end":{"line":51,"column":52}},"39":{"start":{"line":52,"column":20},"end":{"line":52,"column":58}},"40":{"start":{"line":54,"column":21},"end":{"line":81,"column":17}},"41":{"start":{"line":55,"column":36},"end":{"line":55,"column":93}},"42":{"start":{"line":56,"column":30},"end":{"line":56,"column":31}},"43":{"start":{"line":57,"column":20},"end":{"line":59,"column":23}},"44":{"start":{"line":58,"column":24},"end":{"line":58,"column":52}},"45":{"start":{"line":60,"column":34},"end":{"line":60,"column":55}},"46":{"start":{"line":61,"column":20},"end":{"line":61,"column":49}},"47":{"start":{"line":62,"column":20},"end":{"line":62,"column":57}},"48":{"start":{"line":64,"column":21},"end":{"line":81,"column":17}},"49":{"start":{"line":65,"column":36},"end":{"line":65,"column":93}},"50":{"start":{"line":66,"column":30},"end":{"line":66,"column":31}},"51":{"start":{"line":67,"column":20},"end":{"line":69,"column":23}},"52":{"start":{"line":68,"column":24},"end":{"line":68,"column":52}},"53":{"start":{"line":70,"column":20},"end":{"line":70,"column":45}},"54":{"start":{"line":71,"column":20},"end":{"line":71,"column":57}},"55":{"start":{"line":73,"column":21},"end":{"line":81,"column":17}},"56":{"start":{"line":74,"column":36},"end":{"line":74,"column":95}},"57":{"start":{"line":75,"column":32},"end":{"line":75,"column":33}},"58":{"start":{"line":76,"column":20},"end":{"line":78,"column":21}},"59":{"start":{"line":77,"column":24},"end":{"line":77,"column":32}},"60":{"start":{"line":79,"column":20},"end":{"line":79,"column":47}},"61":{"start":{"line":80,"column":20},"end":{"line":80,"column":57}},"62":{"start":{"line":85,"column":4},"end":{"line":85,"column":26}},"63":{"start":{"line":87,"column":0},"end":{"line":87,"column":40}}},"fnMap":{"0":{"name":"(anonymous_0)","decl":{"start":{"line":2,"column":22},"end":{"line":2,"column":23}},"loc":{"start":{"line":2,"column":34},"end":{"line":86,"column":1}}},"1":{"name":"Transformation","decl":{"start":{"line":3,"column":13},"end":{"line":3,"column":27}},"loc":{"start":{"line":3,"column":50},"end":{"line":9,"column":5}}},"2":{"name":"(anonymous_2)","decl":{"start":{"line":10,"column":40},"end":{"line":10,"column":41}},"loc":{"start":{"line":10,"column":52},"end":{"line":24,"column":5}}},"3":{"name":"(anonymous_3)","decl":{"start":{"line":14,"column":26},"end":{"line":14,"column":27}},"loc":{"start":{"line":14,"column":43},"end":{"line":22,"column":9}}},"4":{"name":"(anonymous_4)","decl":{"start":{"line":15,"column":34},"end":{"line":15,"column":35}},"loc":{"start":{"line":15,"column":49},"end":{"line":21,"column":13}}},"5":{"name":"(anonymous_5)","decl":{"start":{"line":17,"column":62},"end":{"line":17,"column":63}},"loc":{"start":{"line":17,"column":79},"end":{"line":19,"column":17}}},"6":{"name":"(anonymous_6)","decl":{"start":{"line":25,"column":45},"end":{"line":25,"column":46}},"loc":{"start":{"line":25,"column":65},"end":{"line":84,"column":5}}},"7":{"name":"(anonymous_7)","decl":{"start":{"line":28,"column":26},"end":{"line":28,"column":27}},"loc":{"start":{"line":28,"column":43},"end":{"line":83,"column":9}}},"8":{"name":"(anonymous_8)","decl":{"start":{"line":30,"column":31},"end":{"line":30,"column":32}},"loc":{"start":{"line":30,"column":48},"end":{"line":82,"column":13}}},"9":{"name":"(anonymous_9)","decl":{"start":{"line":34,"column":70},"end":{"line":34,"column":71}},"loc":{"start":{"line":34,"column":83},"end":{"line":36,"column":21}}},"10":{"name":"(anonymous_10)","decl":{"start":{"line":37,"column":52},"end":{"line":37,"column":53}},"loc":{"start":{"line":37,"column":72},"end":{"line":39,"column":21}}},"11":{"name":"(anonymous_11)","decl":{"start":{"line":45,"column":70},"end":{"line":45,"column":71}},"loc":{"start":{"line":45,"column":83},"end":{"line":47,"column":21}}},"12":{"name":"(anonymous_12)","decl":{"start":{"line":48,"column":52},"end":{"line":48,"column":53}},"loc":{"start":{"line":48,"column":72},"end":{"line":50,"column":21}}},"13":{"name":"(anonymous_13)","decl":{"start":{"line":57,"column":37},"end":{"line":57,"column":38}},"loc":{"start":{"line":57,"column":58},"end":{"line":59,"column":21}}},"14":{"name":"(anonymous_14)","decl":{"start":{"line":67,"column":37},"end":{"line":67,"column":38}},"loc":{"start":{"line":67,"column":58},"end":{"line":69,"column":21}}}},"branchMap":{"0":{"loc":{"start":{"line":32,"column":16},"end":{"line":81,"column":17}},"type":"if","locations":[{"start":{"line":32,"column":16},"end":{"line":81,"column":17}},{"start":{"line":32,"column":16},"end":{"line":81,"column":17}}]},"1":{"loc":{"start":{"line":43,"column":21},"end":{"line":81,"column":17}},"type":"if","locations":[{"start":{"line":43,"column":21},"end":{"line":81,"column":17}},{"start":{"line":43,"column":21},"end":{"line":81,"column":17}}]},"2":{"loc":{"start":{"line":54,"column":21},"end":{"line":81,"column":17}},"type":"if","locations":[{"start":{"line":54,"column":21},"end":{"line":81,"column":17}},{"start":{"line":54,"column":21},"end":{"line":81,"column":17}}]},"3":{"loc":{"start":{"line":64,"column":21},"end":{"line":81,"column":17}},"type":"if","locations":[{"start":{"line":64,"column":21},"end":{"line":81,"column":17}},{"start":{"line":64,"column":21},"end":{"line":81,"column":17}}]},"4":{"loc":{"start":{"line":73,"column":21},"end":{"line":81,"column":17}},"type":"if","locations":[{"start":{"line":73,"column":21},"end":{"line":81,"column":17}},{"start":{"line":73,"column":21},"end":{"line":81,"column":17}}]}},"s":{"0":1,"1":0,"2":0,"3":0,"4":0,"5":0,"6":1,"7":0,"8":0,"9":0,"10":0,"11":0,"12":0,"13":0,"14":0,"15":0,"16":0,"17":1,"18":0,"19":0,"20":0,"21":0,"22":0,"23":0,"24":0,"25":0,"26":0,"27":0,"28":0,"29":0,"30":0,"31":0,"32":0,"33":0,"34":0,"35":0,"36":0,"37":0,"38":0,"39":0,"40":0,"41":0,"42":0,"43":0,"44":0,"45":0,"46":0,"47":0,"48":0,"49":0,"50":0,"51":0,"52":0,"53":0,"54":0,"55":0,"56":0,"57":0,"58":0,"59":0,"60":0,"61":0,"62":1,"63":1},"f":{"0":1,"1":0,"2":0,"3":0,"4":0,"5":0,"6":0,"7":0,"8":0,"9":0,"10":0,"11":0,"12":0,"13":0,"14":0},"b":{"0":[0,0],"1":[0,0],"2":[0,0],"3":[0,0],"4":[0,0]},"_coverageSchema":"332fd63041d2c1bcb487cc26dd0d5f7d97098a6c","hash":"520f8a353a3a788078374353b7e8c45449fe007b","contentHash":"63f8a7b4c21782d381d2909eab6be05e_10.1.2"}}